#
# A fatal error has been detected by the Java Runtime Environment:
#
#  SIGSEGV (0xb) at pc=0x00007f44550349d5, pid=2663285, tid=2663335
#
# JRE version: OpenJDK Runtime Environment (11.0.22+7) (build 11.0.22+7-post-Ubuntu-0ubuntu220.04.1)
# Java VM: OpenJDK 64-Bit Server VM (11.0.22+7-post-Ubuntu-0ubuntu220.04.1, mixed mode, sharing, tiered, compressed oops, g1 gc, linux-amd64)
# Problematic frame:
# V  [libjvm.so+0x7979d5]  G1ParScanThreadState::copy_to_survivor_space(InCSetState, oopDesc*, markOopDesc*)+0x375
#
# Core dump will be written. Default location: Core dumps may be processed with "/usr/share/apport/apport -p%p -s%s -c%c -d%d -P%P -u%u -g%g -- %E" (or dumping to /home/tangyuxin/iotdbWorkSpace_update/iotdb/core.2663285)
#
# If you would like to submit a bug report, please visit:
#   https://bugs.launchpad.net/ubuntu/+source/openjdk-lts
#

---------------  S U M M A R Y ------------

Command Line: -Dclassworlds.conf=/usr/share/maven/bin/m2.conf -Dmaven.home=/usr/share/maven -Dlibrary.jansi.path=/usr/share/maven/lib/jansi-native -Dmaven.multiModuleProjectDirectory=/home/tangyuxin/iotdbWorkSpace_update/iotdb org.codehaus.plexus.classworlds.launcher.Launcher clean

Host: Intel(R) Core(TM) i9-9900K CPU @ 3.60GHz, 16 cores, 62G, Ubuntu 20.04.6 LTS
Time: Wed Oct 23 12:44:29 2024 CST elapsed time: 1.722709 seconds (0d 0h 0m 1s)

---------------  T H R E A D  ---------------

Current thread (0x00007f43f800a800):  GCTaskThread "GC Thread#7" [stack: 0x00007f4404620000,0x00007f4404720000] [id=2663335]

Stack: [0x00007f4404620000,0x00007f4404720000],  sp=0x00007f440471e9a0,  free space=1018k
Native frames: (J=compiled Java code, A=aot compiled Java code, j=interpreted, Vv=VM code, C=native code)
V  [libjvm.so+0x7979d5]  G1ParScanThreadState::copy_to_survivor_space(InCSetState, oopDesc*, markOopDesc*)+0x375
V  [libjvm.so+0x7950bb]  G1ParScanThreadState::trim_queue_partially()+0x4db
V  [libjvm.so+0x5c690a]  ClassLoaderData::ChunkedHandleList::oops_do(OopClosure*)+0x4a
V  [libjvm.so+0x794ba9]  G1CLDScanClosure::do_cld(ClassLoaderData*)+0x39
V  [libjvm.so+0x5c94e1]  ClassLoaderDataGraph::roots_cld_do(CLDClosure*, CLDClosure*)+0x41
V  [libjvm.so+0x7b4adb]  G1RootProcessor::process_java_roots(G1RootClosures*, G1GCPhaseTimes*, unsigned int)+0x6b
V  [libjvm.so+0x7b502b]  G1RootProcessor::evacuate_roots(G1ParScanThreadState*, unsigned int)+0x6b
V  [libjvm.so+0x75d83c]  G1ParTask::work(unsigned int)+0xec
V  [libjvm.so+0xec8dfd]  GangWorker::loop()+0x4d
V  [libjvm.so+0xe2e8d0]  Thread::call_run()+0x140
V  [libjvm.so+0xbed94e]  thread_native_entry(Thread*)+0xee


siginfo: si_signo: 11 (SIGSEGV), si_code: 128 (SI_KERNEL), si_addr: 0x0000000000000000

Register to memory mapping:

RAX=0x89b8044800000000 is an unknown value
RBX=0x0000000000000009 is an unknown value
RCX=0x0000000000000016 is an unknown value
RDX=0x0000000000001137 is an unknown value
RSP=0x00007f440471e9a0 points into unknown readable memory: 0x00007f440471e9d0 | d0 e9 71 04 44 7f 00 00
RBP=0x00007f440471ea20 points into unknown readable memory: 0x00007f440471eac0 | c0 ea 71 04 44 7f 00 00
RSI=0x0000000000000007 is an unknown value
RDI=0x0000000800000000 is pointing into metadata
R8 =0x000000044c8396a0 points into unknown readable memory: 0x0000000000000015 | 15 00 00 00 00 00 00 00
R9 =0x000000008290050b is an unknown value
R10=0x89b8044800000000 is an unknown value
R11=0x00007f4450023a30 points into unknown readable memory: 0x00007f4455ac5060 | 60 50 ac 55 44 7f 00 00
R12=0x000000044dc02228 points into unknown readable memory: 0x89b8044800000000 | 00 00 00 00 48 04 b8 89
R13=0x00007f438c003af0 points into unknown readable memory: 0x00007f4455a1aed0 | d0 ae a1 55 44 7f 00 00
R14=0x0000000000000009 is an unknown value
R15=0x0000000000000001 is an unknown value


Registers:
RAX=0x89b8044800000000, RBX=0x0000000000000009, RCX=0x0000000000000016, RDX=0x0000000000001137
RSP=0x00007f440471e9a0, RBP=0x00007f440471ea20, RSI=0x0000000000000007, RDI=0x0000000800000000
R8 =0x000000044c8396a0, R9 =0x000000008290050b, R10=0x89b8044800000000, R11=0x00007f4450023a30
R12=0x000000044dc02228, R13=0x00007f438c003af0, R14=0x0000000000000009, R15=0x0000000000000001
RIP=0x00007f44550349d5, EFLAGS=0x0000000000010286, CSGSFS=0x002b000000000033, ERR=0x0000000000000000
  TRAPNO=0x000000000000000d

Top of Stack: (sp=0x00007f440471e9a0)
0x00007f440471e9a0:   00007f440471e9d0 00007f4455516b30
0x00007f440471e9b0:   00007f4390001730 0000000000000009
0x00007f440471e9c0:   000000000000000d 000000044c838801
0x00007f440471e9d0:   00007f4400000000 0000000400000000 

Instructions: (pc=0x00007f44550349d5)
0x00007f44550348d5:   01 00 00 0f b6 30 40 84 f6 0f 84 3c 03 00 00 48
0x00007f44550348e5:   8d 05 e5 ef ab 00 8b 78 08 4c 8b 00 41 8b 41 08
0x00007f44550348f5:   89 f9 48 d3 e0 42 81 7c 00 08 00 00 00 c0 0f 8c
0x00007f4455034905:   af 03 00 00 49 8b 45 08 4c 89 ca 8b 88 c0 02 00
0x00007f4455034915:   00 48 8b 80 b0 02 00 00 48 d3 ea 48 8b 04 d0 49
0x00007f4455034925:   89 85 90 01 00 00 41 8b 51 08 89 f9 48 d3 e2 4c
0x00007f4455034935:   01 c2 48 63 4a 0c 4c 89 4d b8 4c 89 ce 4c 89 f7
0x00007f4455034945:   48 8d 05 d4 b2 ae 00 ff 14 c8 4c 8b 4d b8 48 83
0x00007f4455034955:   c4 58 5b 41 5c 4c 89 c8 41 5d 41 5e 41 5f 5d c3
0x00007f4455034965:   0f 1f 00 0f 84 9a 00 00 00 3c 01 48 8d 05 55 2b
0x00007f4455034975:   aa 00 48 19 c9 8b 10 83 e1 04 89 d8 4d 63 74 0c
0x00007f4455034985:   0c c1 f8 10 89 d9 8d 72 ff 0f b6 c0 f7 da 48 63
0x00007f4455034995:   f6 49 d3 e6 48 01 f0 49 01 c6 48 63 c2 49 21 c6
0x00007f44550349a5:   49 c1 ee 03 44 89 f3 4d 63 f6 e9 0c fd ff ff 0f
0x00007f44550349b5:   1f 40 00 48 8b 7a 08 e9 e5 fc ff ff 0f 1f 80 00
0x00007f44550349c5:   00 00 00 41 f6 c2 01 75 62 4c 89 d0 48 83 e0 fd
0x00007f44550349d5:   4c 8b 00 49 c1 e8 03 44 89 c0 83 e0 0f 89 45 b8
0x00007f44550349e5:   41 3b 85 6c 01 00 00 0f 83 03 fd ff ff 41 bb 01
0x00007f44550349f5:   00 00 00 31 c9 b8 01 00 00 00 e9 1d fd ff ff 0f
0x00007f4455034a05:   1f 40 00 48 8b 07 48 8d 15 0e de db ff 45 31 f6
0x00007f4455034a15:   48 8b 80 10 01 00 00 48 39 d0 0f 84 9b fc ff ff
0x00007f4455034a25:   e9 f0 fd ff ff 66 0f 1f 44 00 00 4d 89 d0 49 c1
0x00007f4455034a35:   e8 03 44 89 c0 83 e0 0f 89 45 b8 eb a3 66 0f 1f
0x00007f4455034a45:   44 00 00 48 83 c4 58 4c 89 e6 4c 89 ef 4c 89 d2
0x00007f4455034a55:   5b 41 5c 41 5d 41 5e 41 5f 5d e9 7c fa ff ff 0f
0x00007f4455034a65:   1f 40 00 48 8d 35 89 37 aa 00 41 0f b7 c8 48 3b
0x00007f4455034a75:   0e 0f 8e 8c 00 00 00 45 0f b7 c0 41 8d 48 ff 44
0x00007f4455034a85:   89 c6 f7 de 48 63 c9 4c 01 c9 48 63 f6 48 21 f1
0x00007f4455034a95:   48 89 ce 48 89 4d a0 4c 29 ce 48 c1 ee 03 48 89
0x00007f4455034aa5:   75 a8 74 5f 48 8d 0d 20 2a aa 00 8b 31 8d 4e 01
0x00007f4455034ab5:   f7 de 21 ce 48 63 ce 48 39 4d a8 0f 82 df 03 00
0x00007f4455034ac5:   00 48 8b 4d a0 48 39 d1 48 89 45 98 48 89 4d a0 


Stack slot to memory mapping:
stack at sp + 0 slots: 0x00007f440471e9d0 points into unknown readable memory: 0x00007f4400000000 | 00 00 00 00 44 7f 00 00
stack at sp + 1 slots: 0x00007f4455516b30: <offset 0x0000000000c79b30> in /usr/lib/jvm/java-11-openjdk-amd64/lib/server/libjvm.so at 0x00007f445489d000
stack at sp + 2 slots: 0x00007f4390001730 points into unknown readable memory: 0x00007f442fb433d8 | d8 33 b4 2f 44 7f 00 00
stack at sp + 3 slots: 0x0000000000000009 is an unknown value
stack at sp + 4 slots: 0x000000000000000d is an unknown value
stack at sp + 5 slots: 0x000000044c838801 points into unknown readable memory: 00 00 00 10 c4 91 89
stack at sp + 6 slots: 0x00007f4400000000 points into unknown readable memory: 0x00007f4400000020 | 20 00 00 00 44 7f 00 00
stack at sp + 7 slots: 0x0000000400000000 is an unknown value


---------------  P R O C E S S  ---------------

Threads class SMR info:
_java_thread_list=0x00007f436800b670, length=22, elements={
0x00007f4450016800, 0x00007f445024c800, 0x00007f445024e800, 0x00007f4450254000,
0x00007f4450256000, 0x00007f4450258800, 0x00007f445025a800, 0x00007f445025c800,
0x00007f43dc0c5800, 0x00007f445028f800, 0x00007f43dc0d8000, 0x00007f43e0148000,
0x00007f43e014a000, 0x00007f43bc03f000, 0x00007f43d8204800, 0x00007f43d8113000,
0x00007f43c4216800, 0x00007f43c410f000, 0x00007f4450e51000, 0x00007f43e04b8800,
0x00007f445161f000, 0x00007f436800a000
}

Java Threads: ( => current thread )
  0x00007f4450016800 JavaThread "main" [_thread_blocked, id=2663304, stack(0x00007f44543ba000,0x00007f44544bb000)]
  0x00007f445024c800 JavaThread "Reference Handler" daemon [_thread_blocked, id=2663311, stack(0x00007f44068f1000,0x00007f44069f2000)]
  0x00007f445024e800 JavaThread "Finalizer" daemon [_thread_blocked, id=2663312, stack(0x00007f44067f0000,0x00007f44068f1000)]
  0x00007f4450254000 JavaThread "Signal Dispatcher" daemon [_thread_blocked, id=2663313, stack(0x00007f4405e7e000,0x00007f4405f7f000)]
  0x00007f4450256000 JavaThread "Service Thread" daemon [_thread_blocked, id=2663314, stack(0x00007f4405d7d000,0x00007f4405e7e000)]
  0x00007f4450258800 JavaThread "C2 CompilerThread0" daemon [_thread_blocked, id=2663315, stack(0x00007f4405c7c000,0x00007f4405d7d000)]
  0x00007f445025a800 JavaThread "C1 CompilerThread0" daemon [_thread_blocked, id=2663316, stack(0x00007f4405b7b000,0x00007f4405c7c000)]
  0x00007f445025c800 JavaThread "Sweeper thread" daemon [_thread_blocked, id=2663317, stack(0x00007f4405a7a000,0x00007f4405b7b000)]
  0x00007f43dc0c5800 JavaThread "C1 CompilerThread1" daemon [_thread_blocked, id=2663318, stack(0x00007f4405979000,0x00007f4405a7a000)]
  0x00007f445028f800 JavaThread "Common-Cleaner" daemon [_thread_blocked, id=2663320, stack(0x00007f4405777000,0x00007f4405878000)]
  0x00007f43dc0d8000 JavaThread "C2 CompilerThread1" daemon [_thread_blocked, id=2663321, stack(0x00007f440562d000,0x00007f440572e000)]
  0x00007f43e0148000 JavaThread "C1 CompilerThread2" daemon [_thread_blocked, id=2663322, stack(0x00007f440552c000,0x00007f440562d000)]
  0x00007f43e014a000 JavaThread "C1 CompilerThread3" daemon [_thread_blocked, id=2663323, stack(0x00007f440542b000,0x00007f440552c000)]
  0x00007f43bc03f000 JavaThread "C2 CompilerThread2" daemon [_thread_blocked, id=2663324, stack(0x00007f440532a000,0x00007f440542b000)]
  0x00007f43d8204800 JavaThread "C2 CompilerThread3" daemon [_thread_blocked, id=2663325, stack(0x00007f4405229000,0x00007f440532a000)]
  0x00007f43d8113000 JavaThread "C2 CompilerThread4" daemon [_thread_blocked, id=2663326, stack(0x00007f4405128000,0x00007f4405229000)]
  0x00007f43c4216800 JavaThread "C2 CompilerThread5" daemon [_thread_blocked, id=2663327, stack(0x00007f4405027000,0x00007f4405128000)]
  0x00007f43c410f000 JavaThread "C2 CompilerThread6" daemon [_thread_blocked, id=2663328, stack(0x00007f4404f26000,0x00007f4405027000)]
  0x00007f4450e51000 JavaThread "gradle-enterprise-worker-0" [_thread_blocked, id=2663341, stack(0x00007f4404019000,0x00007f440411a000)]
  0x00007f43e04b8800 JavaThread "C2 CompilerThread7" daemon [_thread_blocked, id=2663354, stack(0x00007f437b0fd000,0x00007f437b1fe000)]
  0x00007f445161f000 JavaThread "gradle-enterprise-background-0" daemon [_thread_blocked, id=2663355, stack(0x00007f437affc000,0x00007f437b0fd000)]
  0x00007f436800a000 JavaThread "process reaper" daemon [_thread_blocked, id=2663357, stack(0x00007f437afda000,0x00007f437affc000)]

Other Threads:
  0x00007f4450249800 VMThread "VM Thread" [stack: 0x00007f44069f3000,0x00007f4406af3000] [id=2663310]
  0x00007f445028d000 WatcherThread [stack: 0x00007f4405879000,0x00007f4405979000] [id=2663319]
  0x00007f445002e800 GCTaskThread "GC Thread#0" [stack: 0x00007f445408e000,0x00007f445418e000] [id=2663305]
  0x00007f43f8001000 GCTaskThread "GC Thread#1" [stack: 0x00007f4404c26000,0x00007f4404d26000] [id=2663329]
  0x00007f43f8002800 GCTaskThread "GC Thread#2" [stack: 0x00007f4404b25000,0x00007f4404c25000] [id=2663330]
  0x00007f43f8004000 GCTaskThread "GC Thread#3" [stack: 0x00007f4404a24000,0x00007f4404b24000] [id=2663331]
  0x00007f43f8005800 GCTaskThread "GC Thread#4" [stack: 0x00007f4404923000,0x00007f4404a23000] [id=2663332]
  0x00007f43f8007000 GCTaskThread "GC Thread#5" [stack: 0x00007f4404822000,0x00007f4404922000] [id=2663333]
  0x00007f43f8008800 GCTaskThread "GC Thread#6" [stack: 0x00007f4404721000,0x00007f4404821000] [id=2663334]
=>0x00007f43f800a800 GCTaskThread "GC Thread#7" [stack: 0x00007f4404620000,0x00007f4404720000] [id=2663335]
  0x00007f43f800c000 GCTaskThread "GC Thread#8" [stack: 0x00007f440451f000,0x00007f440461f000] [id=2663336]
  0x00007f43f800d800 GCTaskThread "GC Thread#9" [stack: 0x00007f440441e000,0x00007f440451e000] [id=2663337]
  0x00007f43f800f000 GCTaskThread "GC Thread#10" [stack: 0x00007f440431d000,0x00007f440441d000] [id=2663338]
  0x00007f43f8010800 GCTaskThread "GC Thread#11" [stack: 0x00007f440421c000,0x00007f440431c000] [id=2663339]
  0x00007f43f8012000 GCTaskThread "GC Thread#12" [stack: 0x00007f440411b000,0x00007f440421b000] [id=2663340]
  0x00007f445006c000 ConcurrentGCThread "G1 Main Marker" [stack: 0x00007f440e3a5000,0x00007f440e4a5000] [id=2663306]
  0x00007f445006d800 ConcurrentGCThread "G1 Conc#0" [stack: 0x00007f440e2a4000,0x00007f440e3a4000] [id=2663307]
  0x00007f4408001000 ConcurrentGCThread "G1 Conc#1" [stack: 0x00007f437b700000,0x00007f437b800000] [id=2663343]
  0x00007f4408002000 ConcurrentGCThread "G1 Conc#2" [stack: 0x00007f437b3ff000,0x00007f437b4ff000] [id=2663344]
  0x00007f4450209800 ConcurrentGCThread "G1 Refine#0" [stack: 0x00007f44073f5000,0x00007f44074f5000] [id=2663308]
  0x00007f445020b800 ConcurrentGCThread "G1 Young RemSet Sampling" [stack: 0x00007f44072f4000,0x00007f44073f4000] [id=2663309]

Threads with active compile tasks:
C2 CompilerThread0     1726 4509       4       java.lang.String::equalsIgnoreCase (45 bytes)
C1 CompilerThread2     1726 4540       3       sun.security.jca.ProviderList$ServiceList::tryGet (304 bytes)
C2 CompilerThread4     1726 4538       4       sun.security.util.DerInputStream::available (8 bytes)

VM state:at safepoint (normal execution)

VM Mutex/Monitor currently owned by a thread:  ([mutex/lock_event])
[0x00007f4450013060] Threads_lock - owner thread: 0x00007f4450249800
[0x00007f4450013840] Heap_lock - owner thread: 0x00007f4450016800

Heap address: 0x0000000414800000, size: 16056 MB, Compressed Oops mode: Zero based, Oop shift amount: 3
Narrow klass base: 0x0000000800000000, Narrow klass shift: 3
Compressed class space size: 1073741824 Address: 0x0000000840000000

Heap:
 garbage-first heap   total 1036288K, used 96516K [0x0000000414800000, 0x0000000800000000)
  region size 4096K, 24 young (98304K), 3 survivors (12288K)
 Metaspace       used 27705K, capacity 28693K, committed 29104K, reserved 1075200K
  class space    used 3585K, capacity 4004K, committed 4096K, reserved 1048576K
Heap Regions: E=young(eden), S=young(survivor), O=old, HS=humongous(starts), HC=humongous(continues), CS=collection set, F=free, A=archive, TAMS=top-at-mark-start (previous, next)
|   0|0x0000000414800000, 0x0000000414c00000, 0x0000000414c00000|100%| O|  |TAMS 0x0000000414800000, 0x0000000414800000| Untracked 
|   1|0x0000000414c00000, 0x0000000414eaa3f8, 0x0000000415000000| 66%| O|  |TAMS 0x0000000414c00000, 0x0000000414c00000| Untracked 
|   2|0x0000000415000000, 0x0000000415000000, 0x0000000415400000|  0%| F|  |TAMS 0x0000000415000000, 0x0000000415000000| Untracked 
|   3|0x0000000415400000, 0x0000000415400000, 0x0000000415800000|  0%| F|  |TAMS 0x0000000415400000, 0x0000000415400000| Untracked 
|   4|0x0000000415800000, 0x0000000415800000, 0x0000000415c00000|  0%| F|  |TAMS 0x0000000415800000, 0x0000000415800000| Untracked 
|   5|0x0000000415c00000, 0x0000000415c00000, 0x0000000416000000|  0%| F|  |TAMS 0x0000000415c00000, 0x0000000415c00000| Untracked 
|   6|0x0000000416000000, 0x0000000416000000, 0x0000000416400000|  0%| F|  |TAMS 0x0000000416000000, 0x0000000416000000| Untracked 
|   7|0x0000000416400000, 0x0000000416400000, 0x0000000416800000|  0%| F|  |TAMS 0x0000000416400000, 0x0000000416400000| Untracked 
|   8|0x0000000416800000, 0x0000000416800000, 0x0000000416c00000|  0%| F|  |TAMS 0x0000000416800000, 0x0000000416800000| Untracked 
|   9|0x0000000416c00000, 0x0000000416c00000, 0x0000000417000000|  0%| F|  |TAMS 0x0000000416c00000, 0x0000000416c00000| Untracked 
|  10|0x0000000417000000, 0x0000000417000000, 0x0000000417400000|  0%| F|  |TAMS 0x0000000417000000, 0x0000000417000000| Untracked 
|  11|0x0000000417400000, 0x0000000417400000, 0x0000000417800000|  0%| F|  |TAMS 0x0000000417400000, 0x0000000417400000| Untracked 
|  12|0x0000000417800000, 0x0000000417800000, 0x0000000417c00000|  0%| F|  |TAMS 0x0000000417800000, 0x0000000417800000| Untracked 
|  13|0x0000000417c00000, 0x0000000417c00000, 0x0000000418000000|  0%| F|  |TAMS 0x0000000417c00000, 0x0000000417c00000| Untracked 
|  14|0x0000000418000000, 0x0000000418000000, 0x0000000418400000|  0%| F|  |TAMS 0x0000000418000000, 0x0000000418000000| Untracked 
|  15|0x0000000418400000, 0x0000000418400000, 0x0000000418800000|  0%| F|  |TAMS 0x0000000418400000, 0x0000000418400000| Untracked 
|  16|0x0000000418800000, 0x0000000418800000, 0x0000000418c00000|  0%| F|  |TAMS 0x0000000418800000, 0x0000000418800000| Untracked 
|  17|0x0000000418c00000, 0x0000000418c00000, 0x0000000419000000|  0%| F|  |TAMS 0x0000000418c00000, 0x0000000418c00000| Untracked 
|  18|0x0000000419000000, 0x0000000419000000, 0x0000000419400000|  0%| F|  |TAMS 0x0000000419000000, 0x0000000419000000| Untracked 
|  19|0x0000000419400000, 0x0000000419400000, 0x0000000419800000|  0%| F|  |TAMS 0x0000000419400000, 0x0000000419400000| Untracked 
|  20|0x0000000419800000, 0x0000000419800000, 0x0000000419c00000|  0%| F|  |TAMS 0x0000000419800000, 0x0000000419800000| Untracked 
|  21|0x0000000419c00000, 0x0000000419c00000, 0x000000041a000000|  0%| F|  |TAMS 0x0000000419c00000, 0x0000000419c00000| Untracked 
|  22|0x000000041a000000, 0x000000041a000000, 0x000000041a400000|  0%| F|  |TAMS 0x000000041a000000, 0x000000041a000000| Untracked 
|  23|0x000000041a400000, 0x000000041a400000, 0x000000041a800000|  0%| F|  |TAMS 0x000000041a400000, 0x000000041a400000| Untracked 
|  24|0x000000041a800000, 0x000000041a800000, 0x000000041ac00000|  0%| F|  |TAMS 0x000000041a800000, 0x000000041a800000| Untracked 
|  25|0x000000041ac00000, 0x000000041ac00000, 0x000000041b000000|  0%| F|  |TAMS 0x000000041ac00000, 0x000000041ac00000| Untracked 
|  26|0x000000041b000000, 0x000000041b000000, 0x000000041b400000|  0%| F|  |TAMS 0x000000041b000000, 0x000000041b000000| Untracked 
|  27|0x000000041b400000, 0x000000041b400000, 0x000000041b800000|  0%| F|  |TAMS 0x000000041b400000, 0x000000041b400000| Untracked 
|  28|0x000000041b800000, 0x000000041b800000, 0x000000041bc00000|  0%| F|  |TAMS 0x000000041b800000, 0x000000041b800000| Untracked 
|  29|0x000000041bc00000, 0x000000041bc00000, 0x000000041c000000|  0%| F|  |TAMS 0x000000041bc00000, 0x000000041bc00000| Untracked 
|  30|0x000000041c000000, 0x000000041c000000, 0x000000041c400000|  0%| F|  |TAMS 0x000000041c000000, 0x000000041c000000| Untracked 
|  31|0x000000041c400000, 0x000000041c400000, 0x000000041c800000|  0%| F|  |TAMS 0x000000041c400000, 0x000000041c400000| Untracked 
|  32|0x000000041c800000, 0x000000041c800000, 0x000000041cc00000|  0%| F|  |TAMS 0x000000041c800000, 0x000000041c800000| Untracked 
|  33|0x000000041cc00000, 0x000000041cc00000, 0x000000041d000000|  0%| F|  |TAMS 0x000000041cc00000, 0x000000041cc00000| Untracked 
|  34|0x000000041d000000, 0x000000041d000000, 0x000000041d400000|  0%| F|  |TAMS 0x000000041d000000, 0x000000041d000000| Untracked 
|  35|0x000000041d400000, 0x000000041d400000, 0x000000041d800000|  0%| F|  |TAMS 0x000000041d400000, 0x000000041d400000| Untracked 
|  36|0x000000041d800000, 0x000000041d800000, 0x000000041dc00000|  0%| F|  |TAMS 0x000000041d800000, 0x000000041d800000| Untracked 
|  37|0x000000041dc00000, 0x000000041dc00000, 0x000000041e000000|  0%| F|  |TAMS 0x000000041dc00000, 0x000000041dc00000| Untracked 
|  38|0x000000041e000000, 0x000000041e000000, 0x000000041e400000|  0%| F|  |TAMS 0x000000041e000000, 0x000000041e000000| Untracked 
|  39|0x000000041e400000, 0x000000041e400000, 0x000000041e800000|  0%| F|  |TAMS 0x000000041e400000, 0x000000041e400000| Untracked 
|  40|0x000000041e800000, 0x000000041e800000, 0x000000041ec00000|  0%| F|  |TAMS 0x000000041e800000, 0x000000041e800000| Untracked 
|  41|0x000000041ec00000, 0x000000041ec00000, 0x000000041f000000|  0%| F|  |TAMS 0x000000041ec00000, 0x000000041ec00000| Untracked 
|  42|0x000000041f000000, 0x000000041f000000, 0x000000041f400000|  0%| F|  |TAMS 0x000000041f000000, 0x000000041f000000| Untracked 
|  43|0x000000041f400000, 0x000000041f400000, 0x000000041f800000|  0%| F|  |TAMS 0x000000041f400000, 0x000000041f400000| Untracked 
|  44|0x000000041f800000, 0x000000041f800000, 0x000000041fc00000|  0%| F|  |TAMS 0x000000041f800000, 0x000000041f800000| Untracked 
|  45|0x000000041fc00000, 0x000000041fc00000, 0x0000000420000000|  0%| F|  |TAMS 0x000000041fc00000, 0x000000041fc00000| Untracked 
|  46|0x0000000420000000, 0x0000000420000000, 0x0000000420400000|  0%| F|  |TAMS 0x0000000420000000, 0x0000000420000000| Untracked 
|  47|0x0000000420400000, 0x0000000420400000, 0x0000000420800000|  0%| F|  |TAMS 0x0000000420400000, 0x0000000420400000| Untracked 
|  48|0x0000000420800000, 0x0000000420800000, 0x0000000420c00000|  0%| F|  |TAMS 0x0000000420800000, 0x0000000420800000| Untracked 
|  49|0x0000000420c00000, 0x0000000420c00000, 0x0000000421000000|  0%| F|  |TAMS 0x0000000420c00000, 0x0000000420c00000| Untracked 
|  50|0x0000000421000000, 0x0000000421000000, 0x0000000421400000|  0%| F|  |TAMS 0x0000000421000000, 0x0000000421000000| Untracked 
|  51|0x0000000421400000, 0x0000000421400000, 0x0000000421800000|  0%| F|  |TAMS 0x0000000421400000, 0x0000000421400000| Untracked 
|  52|0x0000000421800000, 0x0000000421800000, 0x0000000421c00000|  0%| F|  |TAMS 0x0000000421800000, 0x0000000421800000| Untracked 
|  53|0x0000000421c00000, 0x0000000421c00000, 0x0000000422000000|  0%| F|  |TAMS 0x0000000421c00000, 0x0000000421c00000| Untracked 
|  54|0x0000000422000000, 0x0000000422000000, 0x0000000422400000|  0%| F|  |TAMS 0x0000000422000000, 0x0000000422000000| Untracked 
|  55|0x0000000422400000, 0x0000000422400000, 0x0000000422800000|  0%| F|  |TAMS 0x0000000422400000, 0x0000000422400000| Untracked 
|  56|0x0000000422800000, 0x0000000422800000, 0x0000000422c00000|  0%| F|  |TAMS 0x0000000422800000, 0x0000000422800000| Untracked 
|  57|0x0000000422c00000, 0x0000000422c00000, 0x0000000423000000|  0%| F|  |TAMS 0x0000000422c00000, 0x0000000422c00000| Untracked 
|  58|0x0000000423000000, 0x0000000423000000, 0x0000000423400000|  0%| F|  |TAMS 0x0000000423000000, 0x0000000423000000| Untracked 
|  59|0x0000000423400000, 0x0000000423400000, 0x0000000423800000|  0%| F|  |TAMS 0x0000000423400000, 0x0000000423400000| Untracked 
|  60|0x0000000423800000, 0x0000000423800000, 0x0000000423c00000|  0%| F|  |TAMS 0x0000000423800000, 0x0000000423800000| Untracked 
|  61|0x0000000423c00000, 0x0000000423c00000, 0x0000000424000000|  0%| F|  |TAMS 0x0000000423c00000, 0x0000000423c00000| Untracked 
|  62|0x0000000424000000, 0x0000000424000000, 0x0000000424400000|  0%| F|  |TAMS 0x0000000424000000, 0x0000000424000000| Untracked 
|  63|0x0000000424400000, 0x0000000424400000, 0x0000000424800000|  0%| F|  |TAMS 0x0000000424400000, 0x0000000424400000| Untracked 
|  64|0x0000000424800000, 0x0000000424800000, 0x0000000424c00000|  0%| F|  |TAMS 0x0000000424800000, 0x0000000424800000| Untracked 
|  65|0x0000000424c00000, 0x0000000424c00000, 0x0000000425000000|  0%| F|  |TAMS 0x0000000424c00000, 0x0000000424c00000| Untracked 
|  66|0x0000000425000000, 0x0000000425000000, 0x0000000425400000|  0%| F|  |TAMS 0x0000000425000000, 0x0000000425000000| Untracked 
|  67|0x0000000425400000, 0x0000000425400000, 0x0000000425800000|  0%| F|  |TAMS 0x0000000425400000, 0x0000000425400000| Untracked 
|  68|0x0000000425800000, 0x0000000425800000, 0x0000000425c00000|  0%| F|  |TAMS 0x0000000425800000, 0x0000000425800000| Untracked 
|  69|0x0000000425c00000, 0x0000000425c00000, 0x0000000426000000|  0%| F|  |TAMS 0x0000000425c00000, 0x0000000425c00000| Untracked 
|  70|0x0000000426000000, 0x0000000426000000, 0x0000000426400000|  0%| F|  |TAMS 0x0000000426000000, 0x0000000426000000| Untracked 
|  71|0x0000000426400000, 0x0000000426400000, 0x0000000426800000|  0%| F|  |TAMS 0x0000000426400000, 0x0000000426400000| Untracked 
|  72|0x0000000426800000, 0x0000000426800000, 0x0000000426c00000|  0%| F|  |TAMS 0x0000000426800000, 0x0000000426800000| Untracked 
|  73|0x0000000426c00000, 0x0000000426c00000, 0x0000000427000000|  0%| F|  |TAMS 0x0000000426c00000, 0x0000000426c00000| Untracked 
|  74|0x0000000427000000, 0x0000000427000000, 0x0000000427400000|  0%| F|  |TAMS 0x0000000427000000, 0x0000000427000000| Untracked 
|  75|0x0000000427400000, 0x0000000427400000, 0x0000000427800000|  0%| F|  |TAMS 0x0000000427400000, 0x0000000427400000| Untracked 
|  76|0x0000000427800000, 0x0000000427800000, 0x0000000427c00000|  0%| F|  |TAMS 0x0000000427800000, 0x0000000427800000| Untracked 
|  77|0x0000000427c00000, 0x0000000427c00000, 0x0000000428000000|  0%| F|  |TAMS 0x0000000427c00000, 0x0000000427c00000| Untracked 
|  78|0x0000000428000000, 0x0000000428000000, 0x0000000428400000|  0%| F|  |TAMS 0x0000000428000000, 0x0000000428000000| Untracked 
|  79|0x0000000428400000, 0x0000000428400000, 0x0000000428800000|  0%| F|  |TAMS 0x0000000428400000, 0x0000000428400000| Untracked 
|  80|0x0000000428800000, 0x0000000428800000, 0x0000000428c00000|  0%| F|  |TAMS 0x0000000428800000, 0x0000000428800000| Untracked 
|  81|0x0000000428c00000, 0x0000000428c00000, 0x0000000429000000|  0%| F|  |TAMS 0x0000000428c00000, 0x0000000428c00000| Untracked 
|  82|0x0000000429000000, 0x0000000429000000, 0x0000000429400000|  0%| F|  |TAMS 0x0000000429000000, 0x0000000429000000| Untracked 
|  83|0x0000000429400000, 0x0000000429400000, 0x0000000429800000|  0%| F|  |TAMS 0x0000000429400000, 0x0000000429400000| Untracked 
|  84|0x0000000429800000, 0x0000000429800000, 0x0000000429c00000|  0%| F|  |TAMS 0x0000000429800000, 0x0000000429800000| Untracked 
|  85|0x0000000429c00000, 0x0000000429c00000, 0x000000042a000000|  0%| F|  |TAMS 0x0000000429c00000, 0x0000000429c00000| Untracked 
|  86|0x000000042a000000, 0x000000042a000000, 0x000000042a400000|  0%| F|  |TAMS 0x000000042a000000, 0x000000042a000000| Untracked 
|  87|0x000000042a400000, 0x000000042a400000, 0x000000042a800000|  0%| F|  |TAMS 0x000000042a400000, 0x000000042a400000| Untracked 
|  88|0x000000042a800000, 0x000000042a800000, 0x000000042ac00000|  0%| F|  |TAMS 0x000000042a800000, 0x000000042a800000| Untracked 
|  89|0x000000042ac00000, 0x000000042ac00000, 0x000000042b000000|  0%| F|  |TAMS 0x000000042ac00000, 0x000000042ac00000| Untracked 
|  90|0x000000042b000000, 0x000000042b000000, 0x000000042b400000|  0%| F|  |TAMS 0x000000042b000000, 0x000000042b000000| Untracked 
|  91|0x000000042b400000, 0x000000042b400000, 0x000000042b800000|  0%| F|  |TAMS 0x000000042b400000, 0x000000042b400000| Untracked 
|  92|0x000000042b800000, 0x000000042b800000, 0x000000042bc00000|  0%| F|  |TAMS 0x000000042b800000, 0x000000042b800000| Untracked 
|  93|0x000000042bc00000, 0x000000042bc00000, 0x000000042c000000|  0%| F|  |TAMS 0x000000042bc00000, 0x000000042bc00000| Untracked 
|  94|0x000000042c000000, 0x000000042c000000, 0x000000042c400000|  0%| F|  |TAMS 0x000000042c000000, 0x000000042c000000| Untracked 
|  95|0x000000042c400000, 0x000000042c400000, 0x000000042c800000|  0%| F|  |TAMS 0x000000042c400000, 0x000000042c400000| Untracked 
|  96|0x000000042c800000, 0x000000042c800000, 0x000000042cc00000|  0%| F|  |TAMS 0x000000042c800000, 0x000000042c800000| Untracked 
|  97|0x000000042cc00000, 0x000000042cc00000, 0x000000042d000000|  0%| F|  |TAMS 0x000000042cc00000, 0x000000042cc00000| Untracked 
|  98|0x000000042d000000, 0x000000042d000000, 0x000000042d400000|  0%| F|  |TAMS 0x000000042d000000, 0x000000042d000000| Untracked 
|  99|0x000000042d400000, 0x000000042d400000, 0x000000042d800000|  0%| F|  |TAMS 0x000000042d400000, 0x000000042d400000| Untracked 
| 100|0x000000042d800000, 0x000000042d800000, 0x000000042dc00000|  0%| F|  |TAMS 0x000000042d800000, 0x000000042d800000| Untracked 
| 101|0x000000042dc00000, 0x000000042dc00000, 0x000000042e000000|  0%| F|  |TAMS 0x000000042dc00000, 0x000000042dc00000| Untracked 
| 102|0x000000042e000000, 0x000000042e000000, 0x000000042e400000|  0%| F|  |TAMS 0x000000042e000000, 0x000000042e000000| Untracked 
| 103|0x000000042e400000, 0x000000042e400000, 0x000000042e800000|  0%| F|  |TAMS 0x000000042e400000, 0x000000042e400000| Untracked 
| 104|0x000000042e800000, 0x000000042e800000, 0x000000042ec00000|  0%| F|  |TAMS 0x000000042e800000, 0x000000042e800000| Untracked 
| 105|0x000000042ec00000, 0x000000042ec00000, 0x000000042f000000|  0%| F|  |TAMS 0x000000042ec00000, 0x000000042ec00000| Untracked 
| 106|0x000000042f000000, 0x000000042f000000, 0x000000042f400000|  0%| F|  |TAMS 0x000000042f000000, 0x000000042f000000| Untracked 
| 107|0x000000042f400000, 0x000000042f400000, 0x000000042f800000|  0%| F|  |TAMS 0x000000042f400000, 0x000000042f400000| Untracked 
| 108|0x000000042f800000, 0x000000042f800000, 0x000000042fc00000|  0%| F|  |TAMS 0x000000042f800000, 0x000000042f800000| Untracked 
| 109|0x000000042fc00000, 0x000000042fc00000, 0x0000000430000000|  0%| F|  |TAMS 0x000000042fc00000, 0x000000042fc00000| Untracked 
| 110|0x0000000430000000, 0x0000000430000000, 0x0000000430400000|  0%| F|  |TAMS 0x0000000430000000, 0x0000000430000000| Untracked 
| 111|0x0000000430400000, 0x0000000430400000, 0x0000000430800000|  0%| F|  |TAMS 0x0000000430400000, 0x0000000430400000| Untracked 
| 112|0x0000000430800000, 0x0000000430800000, 0x0000000430c00000|  0%| F|  |TAMS 0x0000000430800000, 0x0000000430800000| Untracked 
| 113|0x0000000430c00000, 0x0000000430c00000, 0x0000000431000000|  0%| F|  |TAMS 0x0000000430c00000, 0x0000000430c00000| Untracked 
| 114|0x0000000431000000, 0x0000000431000000, 0x0000000431400000|  0%| F|  |TAMS 0x0000000431000000, 0x0000000431000000| Untracked 
| 115|0x0000000431400000, 0x0000000431400000, 0x0000000431800000|  0%| F|  |TAMS 0x0000000431400000, 0x0000000431400000| Untracked 
| 116|0x0000000431800000, 0x0000000431800000, 0x0000000431c00000|  0%| F|  |TAMS 0x0000000431800000, 0x0000000431800000| Untracked 
| 117|0x0000000431c00000, 0x0000000431c00000, 0x0000000432000000|  0%| F|  |TAMS 0x0000000431c00000, 0x0000000431c00000| Untracked 
| 118|0x0000000432000000, 0x0000000432000000, 0x0000000432400000|  0%| F|  |TAMS 0x0000000432000000, 0x0000000432000000| Untracked 
| 119|0x0000000432400000, 0x0000000432400000, 0x0000000432800000|  0%| F|  |TAMS 0x0000000432400000, 0x0000000432400000| Untracked 
| 120|0x0000000432800000, 0x0000000432800000, 0x0000000432c00000|  0%| F|  |TAMS 0x0000000432800000, 0x0000000432800000| Untracked 
| 121|0x0000000432c00000, 0x0000000432c00000, 0x0000000433000000|  0%| F|  |TAMS 0x0000000432c00000, 0x0000000432c00000| Untracked 
| 122|0x0000000433000000, 0x0000000433000000, 0x0000000433400000|  0%| F|  |TAMS 0x0000000433000000, 0x0000000433000000| Untracked 
| 123|0x0000000433400000, 0x0000000433400000, 0x0000000433800000|  0%| F|  |TAMS 0x0000000433400000, 0x0000000433400000| Untracked 
| 124|0x0000000433800000, 0x0000000433800000, 0x0000000433c00000|  0%| F|  |TAMS 0x0000000433800000, 0x0000000433800000| Untracked 
| 125|0x0000000433c00000, 0x0000000433c00000, 0x0000000434000000|  0%| F|  |TAMS 0x0000000433c00000, 0x0000000433c00000| Untracked 
| 126|0x0000000434000000, 0x0000000434000000, 0x0000000434400000|  0%| F|  |TAMS 0x0000000434000000, 0x0000000434000000| Untracked 
| 127|0x0000000434400000, 0x0000000434400000, 0x0000000434800000|  0%| F|  |TAMS 0x0000000434400000, 0x0000000434400000| Untracked 
| 128|0x0000000434800000, 0x0000000434800000, 0x0000000434c00000|  0%| F|  |TAMS 0x0000000434800000, 0x0000000434800000| Untracked 
| 129|0x0000000434c00000, 0x0000000434c00000, 0x0000000435000000|  0%| F|  |TAMS 0x0000000434c00000, 0x0000000434c00000| Untracked 
| 130|0x0000000435000000, 0x0000000435000000, 0x0000000435400000|  0%| F|  |TAMS 0x0000000435000000, 0x0000000435000000| Untracked 
| 131|0x0000000435400000, 0x0000000435400000, 0x0000000435800000|  0%| F|  |TAMS 0x0000000435400000, 0x0000000435400000| Untracked 
| 132|0x0000000435800000, 0x0000000435800000, 0x0000000435c00000|  0%| F|  |TAMS 0x0000000435800000, 0x0000000435800000| Untracked 
| 133|0x0000000435c00000, 0x0000000435c00000, 0x0000000436000000|  0%| F|  |TAMS 0x0000000435c00000, 0x0000000435c00000| Untracked 
| 134|0x0000000436000000, 0x0000000436000000, 0x0000000436400000|  0%| F|  |TAMS 0x0000000436000000, 0x0000000436000000| Untracked 
| 135|0x0000000436400000, 0x0000000436400000, 0x0000000436800000|  0%| F|  |TAMS 0x0000000436400000, 0x0000000436400000| Untracked 
| 136|0x0000000436800000, 0x0000000436800000, 0x0000000436c00000|  0%| F|  |TAMS 0x0000000436800000, 0x0000000436800000| Untracked 
| 137|0x0000000436c00000, 0x0000000436c00000, 0x0000000437000000|  0%| F|  |TAMS 0x0000000436c00000, 0x0000000436c00000| Untracked 
| 138|0x0000000437000000, 0x0000000437000000, 0x0000000437400000|  0%| F|  |TAMS 0x0000000437000000, 0x0000000437000000| Untracked 
| 139|0x0000000437400000, 0x0000000437400000, 0x0000000437800000|  0%| F|  |TAMS 0x0000000437400000, 0x0000000437400000| Untracked 
| 140|0x0000000437800000, 0x0000000437800000, 0x0000000437c00000|  0%| F|  |TAMS 0x0000000437800000, 0x0000000437800000| Untracked 
| 141|0x0000000437c00000, 0x0000000437c00000, 0x0000000438000000|  0%| F|  |TAMS 0x0000000437c00000, 0x0000000437c00000| Untracked 
| 142|0x0000000438000000, 0x0000000438000000, 0x0000000438400000|  0%| F|  |TAMS 0x0000000438000000, 0x0000000438000000| Untracked 
| 143|0x0000000438400000, 0x0000000438400000, 0x0000000438800000|  0%| F|  |TAMS 0x0000000438400000, 0x0000000438400000| Untracked 
| 144|0x0000000438800000, 0x0000000438800000, 0x0000000438c00000|  0%| F|  |TAMS 0x0000000438800000, 0x0000000438800000| Untracked 
| 145|0x0000000438c00000, 0x0000000438c00000, 0x0000000439000000|  0%| F|  |TAMS 0x0000000438c00000, 0x0000000438c00000| Untracked 
| 146|0x0000000439000000, 0x0000000439000000, 0x0000000439400000|  0%| F|  |TAMS 0x0000000439000000, 0x0000000439000000| Untracked 
| 147|0x0000000439400000, 0x0000000439400000, 0x0000000439800000|  0%| F|  |TAMS 0x0000000439400000, 0x0000000439400000| Untracked 
| 148|0x0000000439800000, 0x0000000439800000, 0x0000000439c00000|  0%| F|  |TAMS 0x0000000439800000, 0x0000000439800000| Untracked 
| 149|0x0000000439c00000, 0x0000000439c00000, 0x000000043a000000|  0%| F|  |TAMS 0x0000000439c00000, 0x0000000439c00000| Untracked 
| 150|0x000000043a000000, 0x000000043a000000, 0x000000043a400000|  0%| F|  |TAMS 0x000000043a000000, 0x000000043a000000| Untracked 
| 151|0x000000043a400000, 0x000000043a400000, 0x000000043a800000|  0%| F|  |TAMS 0x000000043a400000, 0x000000043a400000| Untracked 
| 152|0x000000043a800000, 0x000000043a800000, 0x000000043ac00000|  0%| F|  |TAMS 0x000000043a800000, 0x000000043a800000| Untracked 
| 153|0x000000043ac00000, 0x000000043ac00000, 0x000000043b000000|  0%| F|  |TAMS 0x000000043ac00000, 0x000000043ac00000| Untracked 
| 154|0x000000043b000000, 0x000000043b000000, 0x000000043b400000|  0%| F|  |TAMS 0x000000043b000000, 0x000000043b000000| Untracked 
| 155|0x000000043b400000, 0x000000043b400000, 0x000000043b800000|  0%| F|  |TAMS 0x000000043b400000, 0x000000043b400000| Untracked 
| 156|0x000000043b800000, 0x000000043b800000, 0x000000043bc00000|  0%| F|  |TAMS 0x000000043b800000, 0x000000043b800000| Untracked 
| 157|0x000000043bc00000, 0x000000043bc00000, 0x000000043c000000|  0%| F|  |TAMS 0x000000043bc00000, 0x000000043bc00000| Untracked 
| 158|0x000000043c000000, 0x000000043c000000, 0x000000043c400000|  0%| F|  |TAMS 0x000000043c000000, 0x000000043c000000| Untracked 
| 159|0x000000043c400000, 0x000000043c400000, 0x000000043c800000|  0%| F|  |TAMS 0x000000043c400000, 0x000000043c400000| Untracked 
| 160|0x000000043c800000, 0x000000043c800000, 0x000000043cc00000|  0%| F|  |TAMS 0x000000043c800000, 0x000000043c800000| Untracked 
| 161|0x000000043cc00000, 0x000000043cc00000, 0x000000043d000000|  0%| F|  |TAMS 0x000000043cc00000, 0x000000043cc00000| Untracked 
| 162|0x000000043d000000, 0x000000043d000000, 0x000000043d400000|  0%| F|  |TAMS 0x000000043d000000, 0x000000043d000000| Untracked 
| 163|0x000000043d400000, 0x000000043d400000, 0x000000043d800000|  0%| F|  |TAMS 0x000000043d400000, 0x000000043d400000| Untracked 
| 164|0x000000043d800000, 0x000000043d800000, 0x000000043dc00000|  0%| F|  |TAMS 0x000000043d800000, 0x000000043d800000| Untracked 
| 165|0x000000043dc00000, 0x000000043dc00000, 0x000000043e000000|  0%| F|  |TAMS 0x000000043dc00000, 0x000000043dc00000| Untracked 
| 166|0x000000043e000000, 0x000000043e000000, 0x000000043e400000|  0%| F|  |TAMS 0x000000043e000000, 0x000000043e000000| Untracked 
| 167|0x000000043e400000, 0x000000043e400000, 0x000000043e800000|  0%| F|  |TAMS 0x000000043e400000, 0x000000043e400000| Untracked 
| 168|0x000000043e800000, 0x000000043e800000, 0x000000043ec00000|  0%| F|  |TAMS 0x000000043e800000, 0x000000043e800000| Untracked 
| 169|0x000000043ec00000, 0x000000043ec00000, 0x000000043f000000|  0%| F|  |TAMS 0x000000043ec00000, 0x000000043ec00000| Untracked 
| 170|0x000000043f000000, 0x000000043f000000, 0x000000043f400000|  0%| F|  |TAMS 0x000000043f000000, 0x000000043f000000| Untracked 
| 171|0x000000043f400000, 0x000000043f400000, 0x000000043f800000|  0%| F|  |TAMS 0x000000043f400000, 0x000000043f400000| Untracked 
| 172|0x000000043f800000, 0x000000043f800000, 0x000000043fc00000|  0%| F|  |TAMS 0x000000043f800000, 0x000000043f800000| Untracked 
| 173|0x000000043fc00000, 0x000000043fc00000, 0x0000000440000000|  0%| F|  |TAMS 0x000000043fc00000, 0x000000043fc00000| Untracked 
| 174|0x0000000440000000, 0x0000000440000000, 0x0000000440400000|  0%| F|  |TAMS 0x0000000440000000, 0x0000000440000000| Untracked 
| 175|0x0000000440400000, 0x0000000440400000, 0x0000000440800000|  0%| F|  |TAMS 0x0000000440400000, 0x0000000440400000| Untracked 
| 176|0x0000000440800000, 0x0000000440800000, 0x0000000440c00000|  0%| F|  |TAMS 0x0000000440800000, 0x0000000440800000| Untracked 
| 177|0x0000000440c00000, 0x0000000440c00000, 0x0000000441000000|  0%| F|  |TAMS 0x0000000440c00000, 0x0000000440c00000| Untracked 
| 178|0x0000000441000000, 0x0000000441000000, 0x0000000441400000|  0%| F|  |TAMS 0x0000000441000000, 0x0000000441000000| Untracked 
| 179|0x0000000441400000, 0x0000000441400000, 0x0000000441800000|  0%| F|  |TAMS 0x0000000441400000, 0x0000000441400000| Untracked 
| 180|0x0000000441800000, 0x0000000441800000, 0x0000000441c00000|  0%| F|  |TAMS 0x0000000441800000, 0x0000000441800000| Untracked 
| 181|0x0000000441c00000, 0x0000000441c00000, 0x0000000442000000|  0%| F|  |TAMS 0x0000000441c00000, 0x0000000441c00000| Untracked 
| 182|0x0000000442000000, 0x0000000442000000, 0x0000000442400000|  0%| F|  |TAMS 0x0000000442000000, 0x0000000442000000| Untracked 
| 183|0x0000000442400000, 0x0000000442400000, 0x0000000442800000|  0%| F|  |TAMS 0x0000000442400000, 0x0000000442400000| Untracked 
| 184|0x0000000442800000, 0x0000000442800000, 0x0000000442c00000|  0%| F|  |TAMS 0x0000000442800000, 0x0000000442800000| Untracked 
| 185|0x0000000442c00000, 0x0000000442c00000, 0x0000000443000000|  0%| F|  |TAMS 0x0000000442c00000, 0x0000000442c00000| Untracked 
| 186|0x0000000443000000, 0x0000000443000000, 0x0000000443400000|  0%| F|  |TAMS 0x0000000443000000, 0x0000000443000000| Untracked 
| 187|0x0000000443400000, 0x0000000443400000, 0x0000000443800000|  0%| F|  |TAMS 0x0000000443400000, 0x0000000443400000| Untracked 
| 188|0x0000000443800000, 0x0000000443800000, 0x0000000443c00000|  0%| F|  |TAMS 0x0000000443800000, 0x0000000443800000| Untracked 
| 189|0x0000000443c00000, 0x0000000443c00000, 0x0000000444000000|  0%| F|  |TAMS 0x0000000443c00000, 0x0000000443c00000| Untracked 
| 190|0x0000000444000000, 0x0000000444000000, 0x0000000444400000|  0%| F|  |TAMS 0x0000000444000000, 0x0000000444000000| Untracked 
| 191|0x0000000444400000, 0x0000000444400000, 0x0000000444800000|  0%| F|  |TAMS 0x0000000444400000, 0x0000000444400000| Untracked 
| 192|0x0000000444800000, 0x0000000444800000, 0x0000000444c00000|  0%| F|  |TAMS 0x0000000444800000, 0x0000000444800000| Untracked 
| 193|0x0000000444c00000, 0x0000000444c00000, 0x0000000445000000|  0%| F|  |TAMS 0x0000000444c00000, 0x0000000444c00000| Untracked 
| 194|0x0000000445000000, 0x0000000445000000, 0x0000000445400000|  0%| F|  |TAMS 0x0000000445000000, 0x0000000445000000| Untracked 
| 195|0x0000000445400000, 0x0000000445400000, 0x0000000445800000|  0%| F|  |TAMS 0x0000000445400000, 0x0000000445400000| Untracked 
| 196|0x0000000445800000, 0x0000000445800000, 0x0000000445c00000|  0%| F|  |TAMS 0x0000000445800000, 0x0000000445800000| Untracked 
| 197|0x0000000445c00000, 0x0000000445c00000, 0x0000000446000000|  0%| F|  |TAMS 0x0000000445c00000, 0x0000000445c00000| Untracked 
| 198|0x0000000446000000, 0x0000000446000000, 0x0000000446400000|  0%| F|  |TAMS 0x0000000446000000, 0x0000000446000000| Untracked 
| 199|0x0000000446400000, 0x0000000446400000, 0x0000000446800000|  0%| F|  |TAMS 0x0000000446400000, 0x0000000446400000| Untracked 
| 200|0x0000000446800000, 0x0000000446800000, 0x0000000446c00000|  0%| F|  |TAMS 0x0000000446800000, 0x0000000446800000| Untracked 
| 201|0x0000000446c00000, 0x0000000446c00000, 0x0000000447000000|  0%| F|  |TAMS 0x0000000446c00000, 0x0000000446c00000| Untracked 
| 202|0x0000000447000000, 0x0000000447000000, 0x0000000447400000|  0%| F|  |TAMS 0x0000000447000000, 0x0000000447000000| Untracked 
| 203|0x0000000447400000, 0x0000000447400000, 0x0000000447800000|  0%| F|  |TAMS 0x0000000447400000, 0x0000000447400000| Untracked 
| 204|0x0000000447800000, 0x0000000447800000, 0x0000000447c00000|  0%| F|  |TAMS 0x0000000447800000, 0x0000000447800000| Untracked 
| 205|0x0000000447c00000, 0x0000000447c00000, 0x0000000448000000|  0%| F|  |TAMS 0x0000000447c00000, 0x0000000447c00000| Untracked 
| 206|0x0000000448000000, 0x0000000448000000, 0x0000000448400000|  0%| F|  |TAMS 0x0000000448000000, 0x0000000448000000| Untracked 
| 207|0x0000000448400000, 0x0000000448400000, 0x0000000448800000|  0%| F|  |TAMS 0x0000000448400000, 0x0000000448400000| Untracked 
| 208|0x0000000448800000, 0x0000000448800000, 0x0000000448c00000|  0%| F|  |TAMS 0x0000000448800000, 0x0000000448800000| Untracked 
| 209|0x0000000448c00000, 0x0000000448c00000, 0x0000000449000000|  0%| F|  |TAMS 0x0000000448c00000, 0x0000000448c00000| Untracked 
| 210|0x0000000449000000, 0x0000000449000000, 0x0000000449400000|  0%| F|  |TAMS 0x0000000449000000, 0x0000000449000000| Untracked 
| 211|0x0000000449400000, 0x0000000449400000, 0x0000000449800000|  0%| F|  |TAMS 0x0000000449400000, 0x0000000449400000| Untracked 
| 212|0x0000000449800000, 0x0000000449800000, 0x0000000449c00000|  0%| F|  |TAMS 0x0000000449800000, 0x0000000449800000| Untracked 
| 213|0x0000000449c00000, 0x0000000449c00000, 0x000000044a000000|  0%| F|  |TAMS 0x0000000449c00000, 0x0000000449c00000| Untracked 
| 214|0x000000044a000000, 0x000000044a000000, 0x000000044a400000|  0%| F|  |TAMS 0x000000044a000000, 0x000000044a000000| Untracked 
| 215|0x000000044a400000, 0x000000044a400000, 0x000000044a800000|  0%| F|  |TAMS 0x000000044a400000, 0x000000044a400000| Untracked 
| 216|0x000000044a800000, 0x000000044a800000, 0x000000044ac00000|  0%| F|  |TAMS 0x000000044a800000, 0x000000044a800000| Untracked 
| 217|0x000000044ac00000, 0x000000044ac00000, 0x000000044b000000|  0%| F|  |TAMS 0x000000044ac00000, 0x000000044ac00000| Untracked 
| 218|0x000000044b000000, 0x000000044b000000, 0x000000044b400000|  0%| F|  |TAMS 0x000000044b000000, 0x000000044b000000| Untracked 
| 219|0x000000044b400000, 0x000000044b400000, 0x000000044b800000|  0%| F|  |TAMS 0x000000044b400000, 0x000000044b400000| Untracked 
| 220|0x000000044b800000, 0x000000044b800000, 0x000000044bc00000|  0%| F|  |TAMS 0x000000044b800000, 0x000000044b800000| Untracked 
| 221|0x000000044bc00000, 0x000000044bc00000, 0x000000044c000000|  0%| F|  |TAMS 0x000000044bc00000, 0x000000044bc00000| Untracked 
| 222|0x000000044c000000, 0x000000044c000000, 0x000000044c400000|  0%| F|  |TAMS 0x000000044c000000, 0x000000044c000000| Untracked 
| 223|0x000000044c400000, 0x000000044c400000, 0x000000044c800000|  0%| F|  |TAMS 0x000000044c400000, 0x000000044c400000| Untracked 
| 224|0x000000044c800000, 0x000000044cc00000, 0x000000044cc00000|100%| S|  |TAMS 0x000000044c800000, 0x000000044c800000| Complete 
| 225|0x000000044cc00000, 0x000000044d000000, 0x000000044d000000|100%| S|  |TAMS 0x000000044cc00000, 0x000000044cc00000| Complete 
| 226|0x000000044d000000, 0x000000044d400000, 0x000000044d400000|100%| S|  |TAMS 0x000000044d000000, 0x000000044d000000| Complete 
| 227|0x000000044d400000, 0x000000044d58d020, 0x000000044d800000| 38%| E|CS|TAMS 0x000000044d400000, 0x000000044d400000| Complete 
| 228|0x000000044d800000, 0x000000044dc00000, 0x000000044dc00000|100%| E|CS|TAMS 0x000000044d800000, 0x000000044d800000| Complete 
| 229|0x000000044dc00000, 0x000000044e000000, 0x000000044e000000|100%| E|CS|TAMS 0x000000044dc00000, 0x000000044dc00000| Complete 
| 230|0x000000044e000000, 0x000000044e400000, 0x000000044e400000|100%| E|CS|TAMS 0x000000044e000000, 0x000000044e000000| Complete 
| 231|0x000000044e400000, 0x000000044e800000, 0x000000044e800000|100%| E|CS|TAMS 0x000000044e400000, 0x000000044e400000| Complete 
| 232|0x000000044e800000, 0x000000044ec00000, 0x000000044ec00000|100%| E|CS|TAMS 0x000000044e800000, 0x000000044e800000| Complete 
| 233|0x000000044ec00000, 0x000000044f000000, 0x000000044f000000|100%| E|CS|TAMS 0x000000044ec00000, 0x000000044ec00000| Complete 
| 234|0x000000044f000000, 0x000000044f400000, 0x000000044f400000|100%| E|CS|TAMS 0x000000044f000000, 0x000000044f000000| Complete 
| 235|0x000000044f400000, 0x000000044f800000, 0x000000044f800000|100%| E|CS|TAMS 0x000000044f400000, 0x000000044f400000| Complete 
| 236|0x000000044f800000, 0x000000044fc00000, 0x000000044fc00000|100%| E|CS|TAMS 0x000000044f800000, 0x000000044f800000| Complete 
| 237|0x000000044fc00000, 0x0000000450000000, 0x0000000450000000|100%| E|CS|TAMS 0x000000044fc00000, 0x000000044fc00000| Complete 
| 238|0x0000000450000000, 0x0000000450400000, 0x0000000450400000|100%| E|CS|TAMS 0x0000000450000000, 0x0000000450000000| Complete 
| 239|0x0000000450400000, 0x0000000450800000, 0x0000000450800000|100%| E|CS|TAMS 0x0000000450400000, 0x0000000450400000| Complete 
| 240|0x0000000450800000, 0x0000000450c00000, 0x0000000450c00000|100%| E|CS|TAMS 0x0000000450800000, 0x0000000450800000| Complete 
| 241|0x0000000450c00000, 0x0000000451000000, 0x0000000451000000|100%| E|CS|TAMS 0x0000000450c00000, 0x0000000450c00000| Complete 
| 242|0x0000000451000000, 0x0000000451400000, 0x0000000451400000|100%| E|CS|TAMS 0x0000000451000000, 0x0000000451000000| Complete 
| 243|0x0000000451400000, 0x0000000451800000, 0x0000000451800000|100%| E|CS|TAMS 0x0000000451400000, 0x0000000451400000| Complete 
| 244|0x0000000451800000, 0x0000000451c00000, 0x0000000451c00000|100%| E|CS|TAMS 0x0000000451800000, 0x0000000451800000| Complete 
| 245|0x0000000451c00000, 0x0000000452000000, 0x0000000452000000|100%| E|CS|TAMS 0x0000000451c00000, 0x0000000451c00000| Complete 
| 246|0x0000000452000000, 0x0000000452400000, 0x0000000452400000|100%| E|CS|TAMS 0x0000000452000000, 0x0000000452000000| Complete 
| 247|0x0000000452400000, 0x0000000452800000, 0x0000000452800000|100%| E|CS|TAMS 0x0000000452400000, 0x0000000452400000| Complete 
| 248|0x0000000452800000, 0x0000000452c00000, 0x0000000452c00000|100%| E|CS|TAMS 0x0000000452800000, 0x0000000452800000| Complete 
| 249|0x0000000452c00000, 0x0000000453000000, 0x0000000453000000|100%| E|CS|TAMS 0x0000000452c00000, 0x0000000452c00000| Complete 
| 250|0x0000000453000000, 0x0000000453400000, 0x0000000453400000|100%| E|CS|TAMS 0x0000000453000000, 0x0000000453000000| Complete 
|3756|0x00000007bf800000, 0x00000007bf848000, 0x00000007bfc00000|  7%|OA|  |TAMS 0x00000007bf848000, 0x00000007bf800000| Untracked 
|3757|0x00000007bfc00000, 0x00000007bfc6c000, 0x00000007c0000000| 10%|CA|  |TAMS 0x00000007bfc6c000, 0x00000007bfc00000| Untracked 

Card table byte_map: [0x00007f442fb42000,0x00007f4431a9e000] _byte_map_base: 0x00007f442da9e000

Marking Bits (Prev, Next): (CMBitMap*) 0x00007f445005b390, (CMBitMap*) 0x00007f445005b358
 Prev Bits: [0x00007f440e626000, 0x00007f441e106000)
 Next Bits: [0x00007f441e106000, 0x00007f442dbe6000)

Polling page: 0x00007f4455dc8000

Metaspace:

Usage:
  Non-class:     24.11 MB capacity,    23.55 MB ( 98%) used,   481.14 KB (  2%) free+waste,    87.69 KB ( <1%) overhead. 
      Class:      3.91 MB capacity,     3.50 MB ( 90%) used,   374.80 KB (  9%) free+waste,    44.12 KB (  1%) overhead. 
       Both:     28.02 MB capacity,    27.06 MB ( 97%) used,   855.94 KB (  3%) free+waste,   131.81 KB ( <1%) overhead. 

Virtual space:
  Non-class space:       26.00 MB reserved,      24.42 MB ( 94%) committed 
      Class space:        1.00 GB reserved,       4.00 MB ( <1%) committed 
             Both:        1.03 GB reserved,      28.42 MB (  3%) committed 

Chunk freelists:
   Non-Class:  95.00 KB
       Class:  0 bytes
        Both:  95.00 KB

MaxMetaspaceSize: unlimited
CompressedClassSpaceSize: 1.00 GB
Initial GC threshold: 20.80 MB
Current GC threshold: 35.08 MB
CDS: on

CodeHeap 'non-profiled nmethods': size=119172Kb used=2257Kb max_used=2257Kb free=116915Kb
 bounds [0x00007f444037a000, 0x00007f44405ea000, 0x00007f44477db000]
CodeHeap 'profiled nmethods': size=119168Kb used=10698Kb max_used=10698Kb free=108469Kb
 bounds [0x00007f4438f1a000, 0x00007f443999a000, 0x00007f444037a000]
CodeHeap 'non-nmethods': size=7420Kb used=2913Kb max_used=3005Kb free=4506Kb
 bounds [0x00007f44387db000, 0x00007f4438acb000, 0x00007f4438f1a000]
 total_blobs=5031 nmethods=4530 adapters=411
 compilation: enabled
              stopped_count=0, restarted_count=0
 full_count=0

Compilation events (20 events):
Event: 1.697 Thread 0x00007f43e014a000 nmethod 4529 0x00007f4439987590 code [0x00007f4439987760, 0x00007f4439987c30]
Event: 1.697 Thread 0x00007f43e014a000 4532       3       sun.util.calendar.CalendarDate::setSeconds (20 bytes)
Event: 1.697 Thread 0x00007f445025a800 nmethod 4530 0x00007f4439987d90 code [0x00007f4439987f40, 0x00007f4439988090]
Event: 1.697 Thread 0x00007f445025a800 4533       3       sun.util.calendar.CalendarDate::setMillis (20 bytes)
Event: 1.697 Thread 0x00007f43e0148000 4534       3       sun.security.x509.AlgorithmId::parse (100 bytes)
Event: 1.697 Thread 0x00007f43e014a000 nmethod 4532 0x00007f4439988110 code [0x00007f44399882c0, 0x00007f4439988410]
Event: 1.697 Thread 0x00007f445025a800 nmethod 4533 0x00007f4439988490 code [0x00007f4439988640, 0x00007f4439988790]
Event: 1.697 Thread 0x00007f43e014a000 4535       3       sun.security.x509.AlgorithmId::<init> (39 bytes)
Event: 1.697 Thread 0x00007f43dc0c5800 nmethod 4531 0x00007f4439988810 code [0x00007f44399889c0, 0x00007f4439988b10]
Event: 1.697 Thread 0x00007f43e0148000 nmethod 4534 0x00007f4439988b90 code [0x00007f4439988e20, 0x00007f4439989cc0]
Event: 1.698 Thread 0x00007f43e014a000 nmethod 4535 0x00007f443998a110 code [0x00007f443998a380, 0x00007f443998b130]
Event: 1.698 Thread 0x00007f43d8113000 nmethod 4512 0x00007f44405ad610 code [0x00007f44405ad7e0, 0x00007f44405ae038]
Event: 1.698 Thread 0x00007f445025a800 4537       3       java.math.BigInteger::compareMagnitude (96 bytes)
Event: 1.698 Thread 0x00007f43dc0c5800 4536   !   3       java.util.Collections$SynchronizedMap::put (28 bytes)
Event: 1.698 Thread 0x00007f445025a800 nmethod 4537 0x00007f443998b510 code [0x00007f443998b6e0, 0x00007f443998ba50]
Event: 1.698 Thread 0x00007f43dc0c5800 nmethod 4536 0x00007f443998bb90 code [0x00007f443998bd60, 0x00007f443998c120]
Event: 1.698 Thread 0x00007f43d8113000 4538       4       sun.security.util.DerInputStream::available (8 bytes)
Event: 1.699 Thread 0x00007f43e0148000 4539       3       java.math.BigInteger::valueOf (62 bytes)
Event: 1.699 Thread 0x00007f43e0148000 nmethod 4539 0x00007f443998c290 code [0x00007f443998c460, 0x00007f443998c820]
Event: 1.699 Thread 0x00007f43e0148000 4540       3       sun.security.jca.ProviderList$ServiceList::tryGet (304 bytes)

GC Heap History (5 events):
Event: 0.478 GC heap before
{Heap before GC invocations=0 (full 0):
 garbage-first heap   total 1036288K, used 49872K [0x0000000414800000, 0x0000000800000000)
  region size 4096K, 12 young (49152K), 0 survivors (0K)
 Metaspace       used 8449K, capacity 10666K, committed 10880K, reserved 1058816K
  class space    used 1018K, capacity 1321K, committed 1408K, reserved 1048576K
}
Event: 0.484 GC heap after
{Heap after GC invocations=1 (full 0):
 garbage-first heap   total 1036288K, used 4544K [0x0000000414800000, 0x0000000800000000)
  region size 4096K, 1 young (4096K), 1 survivors (4096K)
 Metaspace       used 8449K, capacity 10666K, committed 10880K, reserved 1058816K
  class space    used 1018K, capacity 1321K, committed 1408K, reserved 1048576K
}
Event: 1.093 GC heap before
{Heap before GC invocations=1 (full 0):
 garbage-first heap   total 1036288K, used 82368K [0x0000000414800000, 0x0000000800000000)
  region size 4096K, 21 young (86016K), 1 survivors (4096K)
 Metaspace       used 20568K, capacity 21223K, committed 21552K, reserved 1069056K
  class space    used 2641K, capacity 2901K, committed 2944K, reserved 1048576K
}
Event: 1.102 GC heap after
{Heap after GC invocations=2 (full 0):
 garbage-first heap   total 1036288K, used 10500K [0x0000000414800000, 0x0000000800000000)
  region size 4096K, 3 young (12288K), 3 survivors (12288K)
 Metaspace       used 20568K, capacity 21223K, committed 21552K, reserved 1069056K
  class space    used 2641K, capacity 2901K, committed 2944K, reserved 1048576K
}
Event: 1.699 GC heap before
{Heap before GC invocations=3 (full 0):
 garbage-first heap   total 1036288K, used 96516K [0x0000000414800000, 0x0000000800000000)
  region size 4096K, 24 young (98304K), 3 survivors (12288K)
 Metaspace       used 27705K, capacity 28693K, committed 29104K, reserved 1075200K
  class space    used 3585K, capacity 4004K, committed 4096K, reserved 1048576K
}

Deoptimization events (20 events):
Event: 1.622 Thread 0x00007f4450016800 DEOPT PACKING pc=0x00007f4440411ee8 sp=0x00007f44544b6420
Event: 1.622 Thread 0x00007f4450016800 DEOPT UNPACKING pc=0x00007f4438824ea5 sp=0x00007f44544b63d8 mode 2
Event: 1.624 Thread 0x00007f4450016800 DEOPT PACKING pc=0x00007f44398e6480 sp=0x00007f44544b5430
Event: 1.624 Thread 0x00007f4450016800 DEOPT UNPACKING pc=0x00007f443882564a sp=0x00007f44544b4950 mode 0
Event: 1.644 Thread 0x00007f4450016800 DEOPT PACKING pc=0x00007f44391b539c sp=0x00007f44544b5280
Event: 1.644 Thread 0x00007f4450016800 DEOPT UNPACKING pc=0x00007f443882564a sp=0x00007f44544b4768 mode 0
Event: 1.645 Thread 0x00007f4450016800 Uncommon trap: trap_request=0xffffff4d fr.pc=0x00007f4440430060 relative=0x0000000000000a20
Event: 1.645 Thread 0x00007f4450016800 Uncommon trap: reason=unstable_if action=reinterpret pc=0x00007f4440430060 method=sun.net.util.IPAddressUtil.scan(Ljava/lang/String;JJ[C)I @ 14 c2
Event: 1.645 Thread 0x00007f4450016800 DEOPT PACKING pc=0x00007f4440430060 sp=0x00007f44544b4f40
Event: 1.645 Thread 0x00007f4450016800 DEOPT UNPACKING pc=0x00007f4438824ea5 sp=0x00007f44544b4dc0 mode 2
Event: 1.657 Thread 0x00007f4450016800 DEOPT PACKING pc=0x00007f44398e645f sp=0x00007f44544b6960
Event: 1.657 Thread 0x00007f4450016800 DEOPT UNPACKING pc=0x00007f443882564a sp=0x00007f44544b5e80 mode 0
Event: 1.689 Thread 0x00007f4450016800 DEOPT PACKING pc=0x00007f443994b0b8 sp=0x00007f44544b7060
Event: 1.689 Thread 0x00007f4450016800 DEOPT UNPACKING pc=0x00007f443882564a sp=0x00007f44544b6500 mode 0
Event: 1.690 Thread 0x00007f4450016800 DEOPT PACKING pc=0x00007f443994b0b8 sp=0x00007f44544b7060
Event: 1.690 Thread 0x00007f4450016800 DEOPT UNPACKING pc=0x00007f443882564a sp=0x00007f44544b6500 mode 0
Event: 1.690 Thread 0x00007f4450016800 DEOPT PACKING pc=0x00007f443994b0b8 sp=0x00007f44544b70b0
Event: 1.690 Thread 0x00007f4450016800 DEOPT UNPACKING pc=0x00007f443882564a sp=0x00007f44544b6550 mode 0
Event: 1.691 Thread 0x00007f4450016800 DEOPT PACKING pc=0x00007f443994b0b8 sp=0x00007f44544b7060
Event: 1.691 Thread 0x00007f4450016800 DEOPT UNPACKING pc=0x00007f443882564a sp=0x00007f44544b6500 mode 0

Classes redefined (0 events):
No events

Internal exceptions (20 events):
Event: 1.259 Thread 0x00007f4450016800 Exception <a 'java/lang/NoSuchMethodError'{0x0000000452386e00}: 'void java.lang.invoke.DelegatingMethodHandle$Holder.delegate(java.lang.Object, java.lang.Object, java.lang.Object, java.lang.Object)'> (0x0000000452386e00) thrown at [src/hotspot/share/interpreter/linkResolver.cpp, line 772]
Event: 1.287 Thread 0x00007f4450016800 Exception <a 'java/lang/NoSuchMethodError'{0x0000000451e69e68}: 'int java.lang.invoke.DirectMethodHandle$Holder.invokeStaticInit(java.lang.Object, java.lang.Object)'> (0x0000000451e69e68) thrown at [src/hotspot/share/interpreter/linkResolver.cpp, line 772]
Event: 1.304 Thread 0x00007f4450016800 Exception <a 'java/lang/NullPointerException'{0x0000000451fd7c80}> (0x0000000451fd7c80) thrown at [src/hotspot/share/interpreter/linkResolver.cpp, line 1358]
Event: 1.307 Thread 0x00007f4450016800 Exception <a 'java/lang/NoSuchMethodError'{0x0000000451803c40}: 'int java.lang.invoke.DirectMethodHandle$Holder.invokeSpecial(java.lang.Object, java.lang.Object, java.lang.Object, java.lang.Object)'> (0x0000000451803c40) thrown at [src/hotspot/share/interpreter/linkResolver.cpp, line 772]
Event: 1.314 Thread 0x00007f4450e51000 Exception <a 'java/lang/NoSuchMethodError'{0x00000004521d4dc0}: 'void java.lang.invoke.DirectMethodHandle$Holder.invokeStaticInit(java.lang.Object, java.lang.Object, java.lang.Object)'> (0x00000004521d4dc0) thrown at [src/hotspot/share/interpreter/linkResolver.cpp, line 772]
Event: 1.318 Thread 0x00007f4450e51000 Exception <a 'java/lang/NoSuchMethodError'{0x00000004519c7ee8}: 'java.lang.Object java.lang.invoke.Invokers$Holder.linkToTargetMethod(java.lang.Object, java.lang.Object, int, java.lang.Object, java.lang.Object)'> (0x00000004519c7ee8) thrown at [src/hotspot/share/interpreter/linkResolver.cpp, line 772]
Event: 1.527 Thread 0x00007f4450016800 Exception <a 'java/lang/NoSuchMethodError'{0x000000044edbd9e0}: 'void java.lang.invoke.DirectMethodHandle$Holder.invokeInterface(java.lang.Object, java.lang.Object, int)'> (0x000000044edbd9e0) thrown at [src/hotspot/share/interpreter/linkResolver.cpp, line 772]
Event: 1.528 Thread 0x00007f4450016800 Exception <a 'java/lang/NoSuchMethodError'{0x000000044edc4460}: 'int java.lang.invoke.DirectMethodHandle$Holder.invokeInterface(java.lang.Object, java.lang.Object)'> (0x000000044edc4460) thrown at [src/hotspot/share/interpreter/linkResolver.cpp, line 772]
Event: 1.541 Thread 0x00007f4450016800 Exception <a 'java/lang/NoSuchMethodError'{0x000000044eeb79e8}: 'void java.lang.invoke.DirectMethodHandle$Holder.invokeSpecial(java.lang.Object, java.lang.Object, int, java.lang.Object)'> (0x000000044eeb79e8) thrown at [src/hotspot/share/interpreter/linkResolver.cpp, line 772]
Event: 1.542 Thread 0x00007f4450016800 Exception <a 'java/lang/NoSuchMethodError'{0x000000044eebec78}: 'java.lang.Object java.lang.invoke.Invokers$Holder.linkToTargetMethod(java.lang.Object, int, java.lang.Object)'> (0x000000044eebec78) thrown at [src/hotspot/share/interpreter/linkResolver.cpp, line 772]
Event: 1.542 Thread 0x00007f445161f000 Exception <a 'java/lang/NoSuchMethodError'{0x000000044ef45960}: 'java.lang.Object java.lang.invoke.DirectMethodHandle$Holder.invokeStaticInit(java.lang.Object, java.lang.Object, long, java.lang.Object)'> (0x000000044ef45960) thrown at [src/hotspot/share/interpreter/linkResolver.cpp, line 772]
Event: 1.542 Thread 0x00007f445161f000 Exception <a 'java/lang/NoSuchMethodError'{0x000000044ef4f088}: 'java.lang.Object java.lang.invoke.DirectMethodHandle$Holder.invokeStatic(java.lang.Object, java.lang.Object, java.lang.Object, int)'> (0x000000044ef4f088) thrown at [src/hotspot/share/interpreter/linkResolver.cpp, line 772]
Event: 1.543 Thread 0x00007f445161f000 Exception <a 'java/lang/NoSuchMethodError'{0x000000044ef52c00}: 'java.lang.Object java.lang.invoke.DirectMethodHandle$Holder.invokeSpecial(java.lang.Object, java.lang.Object, java.lang.Object, java.lang.Object, int)'> (0x000000044ef52c00) thrown at [src/hotspot/share/interpreter/linkResolver.cpp, line 772]
Event: 1.543 Thread 0x00007f445161f000 Exception <a 'java/lang/NoSuchMethodError'{0x000000044ef56098}: 'java.lang.Object java.lang.invoke.Invokers$Holder.linkToTargetMethod(java.lang.Object, java.lang.Object, int, java.lang.Object)'> (0x000000044ef56098) thrown at [src/hotspot/share/interpreter/linkResolver.cpp, line 772]
Event: 1.544 Thread 0x00007f4450016800 Exception <a 'sun/nio/fs/UnixException'{0x000000044eed7010}> (0x000000044eed7010) thrown at [src/hotspot/share/prims/jni.cpp, line 617]
Event: 1.568 Thread 0x00007f4450016800 Exception <a 'java/lang/NoSuchMethodError'{0x000000044ea847d0}: 'int java.lang.invoke.DirectMethodHandle$Holder.invokeVirtual(java.lang.Object, java.lang.Object)'> (0x000000044ea847d0) thrown at [src/hotspot/share/interpreter/linkResolver.cpp, line 772]
Event: 1.571 Thread 0x00007f4450016800 Exception <a 'sun/nio/fs/UnixException'{0x000000044eac0c30}> (0x000000044eac0c30) thrown at [src/hotspot/share/prims/jni.cpp, line 617]
Event: 1.608 Thread 0x00007f4450016800 Exception <a 'java/lang/NoClassDefFoundError'{0x000000044e4edd38}: org/apache/log4j/Priority> (0x000000044e4edd38) thrown at [src/hotspot/share/classfile/systemDictionary.cpp, line 219]
Event: 1.646 Thread 0x00007f4450016800 Exception <a 'java/lang/NoSuchMethodError'{0x000000044e5f7248}: 'int java.lang.invoke.DirectMethodHandle$Holder.invokeStaticInit(java.lang.Object, java.lang.Object, java.lang.Object, java.lang.Object)'> (0x000000044e5f7248) thrown at [src/hotspot/share/interpreter/linkResolver.cpp, line 772]
Event: 1.646 Thread 0x00007f4450016800 Exception <a 'java/lang/IncompatibleClassChangeError'{0x000000044e5fffb0}: Found class java.lang.Object, but interface was expected> (0x000000044e5fffb0) thrown at [src/hotspot/share/interpreter/linkResolver.cpp, line 839]

Events (20 events):
Event: 1.678 loading class sun/security/x509/CRLDistributionPointsExtension done
Event: 1.678 loading class sun/security/x509/DistributionPoint
Event: 1.678 loading class sun/security/x509/DistributionPoint done
Event: 1.678 loading class sun/security/x509/SubjectAlternativeNameExtension
Event: 1.678 loading class sun/security/x509/SubjectAlternativeNameExtension done
Event: 1.678 loading class sun/security/x509/RFC822Name
Event: 1.678 loading class sun/security/x509/RFC822Name done
Event: 1.686 loading class sun/security/x509/PrivateKeyUsageExtension
Event: 1.686 loading class sun/security/x509/PrivateKeyUsageExtension done
Event: 1.688 loading class sun/security/x509/NetscapeCertTypeExtension
Event: 1.688 loading class sun/security/x509/NetscapeCertTypeExtension done
Event: 1.688 loading class sun/security/x509/NetscapeCertTypeExtension$MapEntry
Event: 1.688 loading class sun/security/x509/NetscapeCertTypeExtension$MapEntry done
Event: 1.689 loading class sun/security/x509/NameConstraintsExtension
Event: 1.689 loading class sun/security/x509/NameConstraintsExtension done
Event: 1.689 loading class sun/security/x509/GeneralSubtrees
Event: 1.689 loading class sun/security/x509/GeneralSubtrees done
Event: 1.689 loading class sun/security/x509/GeneralSubtree
Event: 1.689 loading class sun/security/x509/GeneralSubtree done
Event: 1.699 Executing VM operation: G1CollectForAllocation


Dynamic libraries:
414800000-453400000 rw-p 00000000 00:00 0 
453400000-7bf800000 ---p 00000000 00:00 0 
7bf800000-7bf848000 rw-p 00b14000 08:12 93454445                         /usr/lib/jvm/java-11-openjdk-amd64/lib/server/classes.jsa
7bf848000-7bfc00000 rw-p 00000000 00:00 0 
7bfc00000-7bfc6c000 rw-p 00aa8000 08:12 93454445                         /usr/lib/jvm/java-11-openjdk-amd64/lib/server/classes.jsa
7bfc6c000-7c0000000 rw-p 00000000 00:00 0 
7c0000000-800000000 ---p 00000000 00:00 0 
800000000-800002000 rwxp 00001000 08:12 93454445                         /usr/lib/jvm/java-11-openjdk-amd64/lib/server/classes.jsa
800002000-8003ce000 rw-p 00003000 08:12 93454445                         /usr/lib/jvm/java-11-openjdk-amd64/lib/server/classes.jsa
8003ce000-800aa6000 r--p 003cf000 08:12 93454445                         /usr/lib/jvm/java-11-openjdk-amd64/lib/server/classes.jsa
800aa6000-800aa7000 rw-p 00aa7000 08:12 93454445                         /usr/lib/jvm/java-11-openjdk-amd64/lib/server/classes.jsa
840000000-840400000 rw-p 00000000 00:00 0 
840400000-880000000 ---p 00000000 00:00 0 
55bca1862000-55bca1863000 r--p 00000000 08:12 73795135                   /usr/lib/jvm/java-11-openjdk-amd64/bin/java
55bca1863000-55bca1864000 r-xp 00001000 08:12 73795135                   /usr/lib/jvm/java-11-openjdk-amd64/bin/java
55bca1864000-55bca1865000 r--p 00002000 08:12 73795135                   /usr/lib/jvm/java-11-openjdk-amd64/bin/java
55bca1865000-55bca1866000 r--p 00002000 08:12 73795135                   /usr/lib/jvm/java-11-openjdk-amd64/bin/java
55bca1866000-55bca1867000 rw-p 00003000 08:12 73795135                   /usr/lib/jvm/java-11-openjdk-amd64/bin/java
55bca2553000-55bca2574000 rw-p 00000000 00:00 0                          [heap]
7f435c000000-7f435c021000 rw-p 00000000 00:00 0 
7f435c021000-7f4360000000 ---p 00000000 00:00 0 
7f4364000000-7f4364695000 rw-p 00000000 00:00 0 
7f4364695000-7f4368000000 ---p 00000000 00:00 0 
7f4368000000-7f4368021000 rw-p 00000000 00:00 0 
7f4368021000-7f436c000000 ---p 00000000 00:00 0 
7f436c000000-7f436c021000 rw-p 00000000 00:00 0 
7f436c021000-7f4370000000 ---p 00000000 00:00 0 
7f4370000000-7f4370021000 rw-p 00000000 00:00 0 
7f4370021000-7f4374000000 ---p 00000000 00:00 0 
7f4374000000-7f437403a000 rw-p 00000000 00:00 0 
7f437403a000-7f4378000000 ---p 00000000 00:00 0 
7f437a93f000-7f437ac28000 rw-p 00000000 00:00 0 
7f437ac28000-7f437ada8000 ---p 00000000 00:00 0 
7f437ada8000-7f437adb0000 r--p 00000000 08:12 93454421                   /usr/lib/jvm/java-11-openjdk-amd64/lib/libsunec.so
7f437adb0000-7f437adc9000 r-xp 00008000 08:12 93454421                   /usr/lib/jvm/java-11-openjdk-amd64/lib/libsunec.so
7f437adc9000-7f437add3000 r--p 00021000 08:12 93454421                   /usr/lib/jvm/java-11-openjdk-amd64/lib/libsunec.so
7f437add3000-7f437add4000 ---p 0002b000 08:12 93454421                   /usr/lib/jvm/java-11-openjdk-amd64/lib/libsunec.so
7f437add4000-7f437add8000 r--p 0002b000 08:12 93454421                   /usr/lib/jvm/java-11-openjdk-amd64/lib/libsunec.so
7f437add8000-7f437adda000 rw-p 0002f000 08:12 93454421                   /usr/lib/jvm/java-11-openjdk-amd64/lib/libsunec.so
7f437adda000-7f437afda000 rw-p 00000000 00:00 0 
7f437afda000-7f437afde000 ---p 00000000 00:00 0 
7f437afde000-7f437affc000 rw-p 00000000 00:00 0 
7f437affc000-7f437b000000 ---p 00000000 00:00 0 
7f437b000000-7f437b0fd000 rw-p 00000000 00:00 0 
7f437b0fd000-7f437b101000 ---p 00000000 00:00 0 
7f437b101000-7f437b3fe000 rw-p 00000000 00:00 0 
7f437b3fe000-7f437b3ff000 ---p 00000000 00:00 0 
7f437b3ff000-7f437b6ff000 rw-p 00000000 00:00 0 
7f437b6ff000-7f437b703000 ---p 00000000 00:00 0 
7f437b703000-7f437b9ec000 rw-p 00000000 00:00 0 
7f437b9ec000-7f437ba00000 ---p 00000000 00:00 0 
7f437ba00000-7f437bc00000 rw-p 00000000 00:00 0 
7f437bc00000-7f437be00000 rw-p 00000000 00:00 0 
7f437be00000-7f437c000000 rw-p 00000000 00:00 0 
7f437c000000-7f437c021000 rw-p 00000000 00:00 0 
7f437c021000-7f4380000000 ---p 00000000 00:00 0 
7f4380000000-7f4380021000 rw-p 00000000 00:00 0 
7f4380021000-7f4384000000 ---p 00000000 00:00 0 
7f4384000000-7f4384021000 rw-p 00000000 00:00 0 
7f4384021000-7f4388000000 ---p 00000000 00:00 0 
7f4388000000-7f4388021000 rw-p 00000000 00:00 0 
7f4388021000-7f438c000000 ---p 00000000 00:00 0 
7f438c000000-7f438c156000 rw-p 00000000 00:00 0 
7f438c156000-7f4390000000 ---p 00000000 00:00 0 
7f4390000000-7f4390021000 rw-p 00000000 00:00 0 
7f4390021000-7f4394000000 ---p 00000000 00:00 0 
7f4394000000-7f4394021000 rw-p 00000000 00:00 0 
7f4394021000-7f4398000000 ---p 00000000 00:00 0 
7f4398000000-7f4398021000 rw-p 00000000 00:00 0 
7f4398021000-7f439c000000 ---p 00000000 00:00 0 
7f439c000000-7f439c021000 rw-p 00000000 00:00 0 
7f439c021000-7f43a0000000 ---p 00000000 00:00 0 
7f43a0000000-7f43a0021000 rw-p 00000000 00:00 0 
7f43a0021000-7f43a4000000 ---p 00000000 00:00 0 
7f43a4000000-7f43a4021000 rw-p 00000000 00:00 0 
7f43a4021000-7f43a8000000 ---p 00000000 00:00 0 
7f43a8000000-7f43a8021000 rw-p 00000000 00:00 0 
7f43a8021000-7f43ac000000 ---p 00000000 00:00 0 
7f43ac000000-7f43acf4b000 rw-p 00000000 00:00 0 
7f43acf4b000-7f43b0000000 ---p 00000000 00:00 0 
7f43b0000000-7f43b10be000 rw-p 00000000 00:00 0 
7f43b10be000-7f43b4000000 ---p 00000000 00:00 0 
7f43b4000000-7f43b5408000 rw-p 00000000 00:00 0 
7f43b5408000-7f43b8000000 ---p 00000000 00:00 0 
7f43b8000000-7f43b926d000 rw-p 00000000 00:00 0 
7f43b926d000-7f43bc000000 ---p 00000000 00:00 0 
7f43bc000000-7f43bc3bd000 rw-p 00000000 00:00 0 
7f43bc3bd000-7f43c0000000 ---p 00000000 00:00 0 
7f43c0000000-7f43c0979000 rw-p 00000000 00:00 0 
7f43c0979000-7f43c4000000 ---p 00000000 00:00 0 
7f43c4000000-7f43c551e000 rw-p 00000000 00:00 0 
7f43c551e000-7f43c8000000 ---p 00000000 00:00 0 
7f43c8000000-7f43c8316000 rw-p 00000000 00:00 0 
7f43c8316000-7f43cc000000 ---p 00000000 00:00 0 
7f43cc000000-7f43cc021000 rw-p 00000000 00:00 0 
7f43cc021000-7f43d0000000 ---p 00000000 00:00 0 
7f43d0000000-7f43d0021000 rw-p 00000000 00:00 0 
7f43d0021000-7f43d4000000 ---p 00000000 00:00 0 
7f43d4000000-7f43d4021000 rw-p 00000000 00:00 0 
7f43d4021000-7f43d8000000 ---p 00000000 00:00 0 
7f43d8000000-7f43d862a000 rw-p 00000000 00:00 0 
7f43d862a000-7f43dc000000 ---p 00000000 00:00 0 
7f43dc000000-7f43dcdf1000 rw-p 00000000 00:00 0 
7f43dcdf1000-7f43e0000000 ---p 00000000 00:00 0 
7f43e0000000-7f43e05b8000 rw-p 00000000 00:00 0 
7f43e05b8000-7f43e4000000 ---p 00000000 00:00 0 
7f43e4000000-7f43e4021000 rw-p 00000000 00:00 0 
7f43e4021000-7f43e8000000 ---p 00000000 00:00 0 
7f43e8000000-7f43e8021000 rw-p 00000000 00:00 0 
7f43e8021000-7f43ec000000 ---p 00000000 00:00 0 
7f43ec000000-7f43ec021000 rw-p 00000000 00:00 0 
7f43ec021000-7f43f0000000 ---p 00000000 00:00 0 
7f43f0000000-7f43f0021000 rw-p 00000000 00:00 0 
7f43f0021000-7f43f4000000 ---p 00000000 00:00 0 
7f43f4000000-7f43f4021000 rw-p 00000000 00:00 0 
7f43f4021000-7f43f8000000 ---p 00000000 00:00 0 
7f43f8000000-7f43f8021000 rw-p 00000000 00:00 0 
7f43f8021000-7f43fc000000 ---p 00000000 00:00 0 
7f43fc000000-7f43fc021000 rw-p 00000000 00:00 0 
7f43fc021000-7f4400000000 ---p 00000000 00:00 0 
7f4400000000-7f4400021000 rw-p 00000000 00:00 0 
7f4400021000-7f4404000000 ---p 00000000 00:00 0 
7f4404019000-7f440401d000 ---p 00000000 00:00 0 
7f440401d000-7f440411a000 rw-p 00000000 00:00 0 
7f440411a000-7f440411b000 ---p 00000000 00:00 0 
7f440411b000-7f440421b000 rw-p 00000000 00:00 0 
7f440421b000-7f440421c000 ---p 00000000 00:00 0 
7f440421c000-7f440431c000 rw-p 00000000 00:00 0 
7f440431c000-7f440431d000 ---p 00000000 00:00 0 
7f440431d000-7f440441d000 rw-p 00000000 00:00 0 
7f440441d000-7f440441e000 ---p 00000000 00:00 0 
7f440441e000-7f440451e000 rw-p 00000000 00:00 0 
7f440451e000-7f440451f000 ---p 00000000 00:00 0 
7f440451f000-7f440461f000 rw-p 00000000 00:00 0 
7f440461f000-7f4404620000 ---p 00000000 00:00 0 
7f4404620000-7f4404720000 rw-p 00000000 00:00 0 
7f4404720000-7f4404721000 ---p 00000000 00:00 0 
7f4404721000-7f4404821000 rw-p 00000000 00:00 0 
7f4404821000-7f4404822000 ---p 00000000 00:00 0 
7f4404822000-7f4404922000 rw-p 00000000 00:00 0 
7f4404922000-7f4404923000 ---p 00000000 00:00 0 
7f4404923000-7f4404a23000 rw-p 00000000 00:00 0 
7f4404a23000-7f4404a24000 ---p 00000000 00:00 0 
7f4404a24000-7f4404b24000 rw-p 00000000 00:00 0 
7f4404b24000-7f4404b25000 ---p 00000000 00:00 0 
7f4404b25000-7f4404c25000 rw-p 00000000 00:00 0 
7f4404c25000-7f4404c26000 ---p 00000000 00:00 0 
7f4404c26000-7f4404f26000 rw-p 00000000 00:00 0 
7f4404f26000-7f4404f2a000 ---p 00000000 00:00 0 
7f4404f2a000-7f4405027000 rw-p 00000000 00:00 0 
7f4405027000-7f440502b000 ---p 00000000 00:00 0 
7f440502b000-7f4405128000 rw-p 00000000 00:00 0 
7f4405128000-7f440512c000 ---p 00000000 00:00 0 
7f440512c000-7f4405229000 rw-p 00000000 00:00 0 
7f4405229000-7f440522d000 ---p 00000000 00:00 0 
7f440522d000-7f440532a000 rw-p 00000000 00:00 0 
7f440532a000-7f440532e000 ---p 00000000 00:00 0 
7f440532e000-7f440542b000 rw-p 00000000 00:00 0 
7f440542b000-7f440542f000 ---p 00000000 00:00 0 
7f440542f000-7f440552c000 rw-p 00000000 00:00 0 
7f440552c000-7f4405530000 ---p 00000000 00:00 0 
7f4405530000-7f440562d000 rw-p 00000000 00:00 0 
7f440562d000-7f4405631000 ---p 00000000 00:00 0 
7f4405631000-7f440575f000 rw-p 00000000 00:00 0 
7f440575f000-7f4405763000 r--p 00000000 08:12 93454415                   /usr/lib/jvm/java-11-openjdk-amd64/lib/libnet.so
7f4405763000-7f4405771000 r-xp 00004000 08:12 93454415                   /usr/lib/jvm/java-11-openjdk-amd64/lib/libnet.so
7f4405771000-7f4405775000 r--p 00012000 08:12 93454415                   /usr/lib/jvm/java-11-openjdk-amd64/lib/libnet.so
7f4405775000-7f4405776000 r--p 00015000 08:12 93454415                   /usr/lib/jvm/java-11-openjdk-amd64/lib/libnet.so
7f4405776000-7f4405777000 rw-p 00016000 08:12 93454415                   /usr/lib/jvm/java-11-openjdk-amd64/lib/libnet.so
7f4405777000-7f440577b000 ---p 00000000 00:00 0 
7f440577b000-7f4405878000 rw-p 00000000 00:00 0 
7f4405878000-7f4405879000 ---p 00000000 00:00 0 
7f4405879000-7f4405979000 rw-p 00000000 00:00 0 
7f4405979000-7f440597d000 ---p 00000000 00:00 0 
7f440597d000-7f4405a7a000 rw-p 00000000 00:00 0 
7f4405a7a000-7f4405a7e000 ---p 00000000 00:00 0 
7f4405a7e000-7f4405b7b000 rw-p 00000000 00:00 0 
7f4405b7b000-7f4405b7f000 ---p 00000000 00:00 0 
7f4405b7f000-7f4405c7c000 rw-p 00000000 00:00 0 
7f4405c7c000-7f4405c80000 ---p 00000000 00:00 0 
7f4405c80000-7f4405d7d000 rw-p 00000000 00:00 0 
7f4405d7d000-7f4405d81000 ---p 00000000 00:00 0 
7f4405d81000-7f4405e7e000 rw-p 00000000 00:00 0 
7f4405e7e000-7f4405e82000 ---p 00000000 00:00 0 
7f4405e82000-7f4405f7f000 rw-p 00000000 00:00 0 
7f4405f7f000-7f44067f0000 r--p 00000000 08:12 60367526                   /usr/lib/locale/locale-archive
7f44067f0000-7f44067f4000 ---p 00000000 00:00 0 
7f44067f4000-7f44068f1000 rw-p 00000000 00:00 0 
7f44068f1000-7f44068f5000 ---p 00000000 00:00 0 
7f44068f5000-7f44069f2000 rw-p 00000000 00:00 0 
7f44069f2000-7f44069f3000 ---p 00000000 00:00 0 
7f44069f3000-7f44072f3000 rw-p 00000000 00:00 0 
7f44072f3000-7f44072f4000 ---p 00000000 00:00 0 
7f44072f4000-7f44073f4000 rw-p 00000000 00:00 0 
7f44073f4000-7f44073f5000 ---p 00000000 00:00 0 
7f44073f5000-7f4408000000 rw-p 00000000 00:00 0 
7f4408000000-7f4408021000 rw-p 00000000 00:00 0 
7f4408021000-7f440c000000 ---p 00000000 00:00 0 
7f440c00c000-7f440c013000 r--p 00000000 08:12 93454416                   /usr/lib/jvm/java-11-openjdk-amd64/lib/libnio.so
7f440c013000-7f440c01b000 r-xp 00007000 08:12 93454416                   /usr/lib/jvm/java-11-openjdk-amd64/lib/libnio.so
7f440c01b000-7f440c01e000 r--p 0000f000 08:12 93454416                   /usr/lib/jvm/java-11-openjdk-amd64/lib/libnio.so
7f440c01e000-7f440c01f000 r--p 00011000 08:12 93454416                   /usr/lib/jvm/java-11-openjdk-amd64/lib/libnio.so
7f440c01f000-7f440c020000 rw-p 00012000 08:12 93454416                   /usr/lib/jvm/java-11-openjdk-amd64/lib/libnio.so
7f440c020000-7f440e2a3000 rw-p 00000000 00:00 0 
7f440e2a3000-7f440e2a4000 ---p 00000000 00:00 0 
7f440e2a4000-7f440e3a4000 rw-p 00000000 00:00 0 
7f440e3a4000-7f440e3a5000 ---p 00000000 00:00 0 
7f440e3a5000-7f440f5d6000 rw-p 00000000 00:00 0 
7f440f5d6000-7f441d0e6000 ---p 00000000 00:00 0 
7f441d0e6000-7f441d106000 rw-p 00000000 00:00 0 
7f441d106000-7f441e106000 ---p 00000000 00:00 0 
7f441e106000-7f441f0b6000 rw-p 00000000 00:00 0 
7f441f0b6000-7f442cbc6000 ---p 00000000 00:00 0 
7f442cbc6000-7f442cbe6000 rw-p 00000000 00:00 0 
7f442cbe6000-7f442dbe6000 ---p 00000000 00:00 0 
7f442dbe6000-7f442dddc000 rw-p 00000000 00:00 0 
7f442dddc000-7f442f93e000 ---p 00000000 00:00 0 
7f442f93e000-7f442f942000 rw-p 00000000 00:00 0 
7f442f942000-7f442fb42000 ---p 00000000 00:00 0 
7f442fb42000-7f442fd38000 rw-p 00000000 00:00 0 
7f442fd38000-7f443189a000 ---p 00000000 00:00 0 
7f443189a000-7f443189e000 rw-p 00000000 00:00 0 
7f443189e000-7f4431a9e000 ---p 00000000 00:00 0 
7f4431a9e000-7f4431c94000 rw-p 00000000 00:00 0 
7f4431c94000-7f44337f6000 ---p 00000000 00:00 0 
7f44337f6000-7f44337fa000 rw-p 00000000 00:00 0 
7f44337fa000-7f44339fa000 ---p 00000000 00:00 0 
7f44339fa000-7f4434000000 rw-p 00000000 00:00 0 
7f4434000000-7f4434021000 rw-p 00000000 00:00 0 
7f4434021000-7f4438000000 ---p 00000000 00:00 0 
7f4438008000-7f443800f000 r--s 00000000 08:12 61026099                   /usr/lib/x86_64-linux-gnu/gconv/gconv-modules.cache
7f443800f000-7f44387db000 rw-p 00000000 00:00 0 
7f44387db000-7f4438acb000 rwxp 00000000 00:00 0 
7f4438acb000-7f4438f1a000 ---p 00000000 00:00 0 
7f4438f1a000-7f443999a000 rwxp 00000000 00:00 0 
7f443999a000-7f444037a000 ---p 00000000 00:00 0 
7f444037a000-7f44405ea000 rwxp 00000000 00:00 0 
7f44405ea000-7f44477db000 ---p 00000000 00:00 0 
7f44477db000-7f4450000000 r--s 00000000 08:12 93454425                   /usr/lib/jvm/java-11-openjdk-amd64/lib/modules
7f4450000000-7f4451708000 rw-p 00000000 00:00 0 
7f4451708000-7f4454000000 ---p 00000000 00:00 0 
7f4454000000-7f4454002000 r--p 00000000 08:12 93454413                   /usr/lib/jvm/java-11-openjdk-amd64/lib/libmanagement_ext.so
7f4454002000-7f4454005000 r-xp 00002000 08:12 93454413                   /usr/lib/jvm/java-11-openjdk-amd64/lib/libmanagement_ext.so
7f4454005000-7f4454006000 r--p 00005000 08:12 93454413                   /usr/lib/jvm/java-11-openjdk-amd64/lib/libmanagement_ext.so
7f4454006000-7f4454007000 r--p 00006000 08:12 93454413                   /usr/lib/jvm/java-11-openjdk-amd64/lib/libmanagement_ext.so
7f4454007000-7f4454008000 rw-p 00007000 08:12 93454413                   /usr/lib/jvm/java-11-openjdk-amd64/lib/libmanagement_ext.so
7f4454008000-7f445400b000 r--p 00000000 08:12 93454411                   /usr/lib/jvm/java-11-openjdk-amd64/lib/libmanagement.so
7f445400b000-7f445400c000 r-xp 00003000 08:12 93454411                   /usr/lib/jvm/java-11-openjdk-amd64/lib/libmanagement.so
7f445400c000-7f445400d000 r--p 00004000 08:12 93454411                   /usr/lib/jvm/java-11-openjdk-amd64/lib/libmanagement.so
7f445400d000-7f445400e000 r--p 00004000 08:12 93454411                   /usr/lib/jvm/java-11-openjdk-amd64/lib/libmanagement.so
7f445400e000-7f445400f000 rw-p 00005000 08:12 93454411                   /usr/lib/jvm/java-11-openjdk-amd64/lib/libmanagement.so
7f445400f000-7f445408d000 rw-p 00000000 00:00 0 
7f445408d000-7f445408e000 ---p 00000000 00:00 0 
7f445408e000-7f4454193000 rw-p 00000000 00:00 0 
7f4454193000-7f4454277000 ---p 00000000 00:00 0 
7f4454277000-7f445428c000 rw-p 00000000 00:00 0 
7f445428c000-7f4454360000 ---p 00000000 00:00 0 
7f4454360000-7f4454366000 rw-p 00000000 00:00 0 
7f4454366000-7f445436f000 ---p 00000000 00:00 0 
7f445436f000-7f4454371000 r--p 00000000 08:12 93454424                   /usr/lib/jvm/java-11-openjdk-amd64/lib/libzip.so
7f4454371000-7f4454376000 r-xp 00002000 08:12 93454424                   /usr/lib/jvm/java-11-openjdk-amd64/lib/libzip.so
7f4454376000-7f4454378000 r--p 00007000 08:12 93454424                   /usr/lib/jvm/java-11-openjdk-amd64/lib/libzip.so
7f4454378000-7f4454379000 r--p 00008000 08:12 93454424                   /usr/lib/jvm/java-11-openjdk-amd64/lib/libzip.so
7f4454379000-7f445437a000 rw-p 00009000 08:12 93454424                   /usr/lib/jvm/java-11-openjdk-amd64/lib/libzip.so
7f445437a000-7f4454382000 rw-s 00000000 08:12 161481471                  /tmp/hsperfdata_tangyuxin/2663285
7f4454382000-7f4454390000 r--p 00000000 08:12 93454404                   /usr/lib/jvm/java-11-openjdk-amd64/lib/libjava.so
7f4454390000-7f44543a6000 r-xp 0000e000 08:12 93454404                   /usr/lib/jvm/java-11-openjdk-amd64/lib/libjava.so
7f44543a6000-7f44543ad000 r--p 00024000 08:12 93454404                   /usr/lib/jvm/java-11-openjdk-amd64/lib/libjava.so
7f44543ad000-7f44543ae000 r--p 0002a000 08:12 93454404                   /usr/lib/jvm/java-11-openjdk-amd64/lib/libjava.so
7f44543ae000-7f44543af000 rw-p 0002b000 08:12 93454404                   /usr/lib/jvm/java-11-openjdk-amd64/lib/libjava.so
7f44543af000-7f44543b0000 rw-p 00000000 00:00 0 
7f44543b0000-7f44543b2000 r--p 00000000 08:12 60365528                   /usr/lib/x86_64-linux-gnu/librt-2.31.so
7f44543b2000-7f44543b6000 r-xp 00002000 08:12 60365528                   /usr/lib/x86_64-linux-gnu/librt-2.31.so
7f44543b6000-7f44543b8000 r--p 00006000 08:12 60365528                   /usr/lib/x86_64-linux-gnu/librt-2.31.so
7f44543b8000-7f44543b9000 r--p 00007000 08:12 60365528                   /usr/lib/x86_64-linux-gnu/librt-2.31.so
7f44543b9000-7f44543ba000 rw-p 00008000 08:12 60365528                   /usr/lib/x86_64-linux-gnu/librt-2.31.so
7f44543ba000-7f44543be000 ---p 00000000 00:00 0 
7f44543be000-7f44544bb000 rw-p 00000000 00:00 0 
7f44544bb000-7f44544be000 r--p 00000000 08:12 60387798                   /usr/lib/x86_64-linux-gnu/libgcc_s.so.1
7f44544be000-7f44544da000 r-xp 00003000 08:12 60387798                   /usr/lib/x86_64-linux-gnu/libgcc_s.so.1
7f44544da000-7f44544de000 r--p 0001f000 08:12 60387798                   /usr/lib/x86_64-linux-gnu/libgcc_s.so.1
7f44544de000-7f44544df000 r--p 00022000 08:12 60387798                   /usr/lib/x86_64-linux-gnu/libgcc_s.so.1
7f44544df000-7f44544e0000 rw-p 00023000 08:12 60387798                   /usr/lib/x86_64-linux-gnu/libgcc_s.so.1
7f44544e0000-7f44544ed000 r--p 00000000 08:12 60362842                   /usr/lib/x86_64-linux-gnu/libm-2.31.so
7f44544ed000-7f4454594000 r-xp 0000d000 08:12 60362842                   /usr/lib/x86_64-linux-gnu/libm-2.31.so
7f4454594000-7f445462d000 r--p 000b4000 08:12 60362842                   /usr/lib/x86_64-linux-gnu/libm-2.31.so
7f445462d000-7f445462e000 r--p 0014c000 08:12 60362842                   /usr/lib/x86_64-linux-gnu/libm-2.31.so
7f445462e000-7f445462f000 rw-p 0014d000 08:12 60362842                   /usr/lib/x86_64-linux-gnu/libm-2.31.so
7f445462f000-7f44546cb000 r--p 00000000 08:12 60358889                   /usr/lib/x86_64-linux-gnu/libstdc++.so.6.0.32
7f44546cb000-7f44547fd000 r-xp 0009c000 08:12 60358889                   /usr/lib/x86_64-linux-gnu/libstdc++.so.6.0.32
7f44547fd000-7f445488a000 r--p 001ce000 08:12 60358889                   /usr/lib/x86_64-linux-gnu/libstdc++.so.6.0.32
7f445488a000-7f445488b000 ---p 0025b000 08:12 60358889                   /usr/lib/x86_64-linux-gnu/libstdc++.so.6.0.32
7f445488b000-7f4454896000 r--p 0025b000 08:12 60358889                   /usr/lib/x86_64-linux-gnu/libstdc++.so.6.0.32
7f4454896000-7f4454899000 rw-p 00266000 08:12 60358889                   /usr/lib/x86_64-linux-gnu/libstdc++.so.6.0.32
7f4454899000-7f445489d000 rw-p 00000000 00:00 0 
7f445489d000-7f4454b1f000 r--p 00000000 08:12 93454428                   /usr/lib/jvm/java-11-openjdk-amd64/lib/server/libjvm.so
7f4454b1f000-7f44557ac000 r-xp 00282000 08:12 93454428                   /usr/lib/jvm/java-11-openjdk-amd64/lib/server/libjvm.so
7f44557ac000-7f4455a0d000 r--p 00f0f000 08:12 93454428                   /usr/lib/jvm/java-11-openjdk-amd64/lib/server/libjvm.so
7f4455a0d000-7f4455a0e000 ---p 01170000 08:12 93454428                   /usr/lib/jvm/java-11-openjdk-amd64/lib/server/libjvm.so
7f4455a0e000-7f4455ad2000 r--p 01170000 08:12 93454428                   /usr/lib/jvm/java-11-openjdk-amd64/lib/server/libjvm.so
7f4455ad2000-7f4455b0d000 rw-p 01234000 08:12 93454428                   /usr/lib/jvm/java-11-openjdk-amd64/lib/server/libjvm.so
7f4455b0d000-7f4455b66000 rw-p 00000000 00:00 0 
7f4455b66000-7f4455b88000 r--p 00000000 08:12 60362834                   /usr/lib/x86_64-linux-gnu/libc-2.31.so
7f4455b88000-7f4455d00000 r-xp 00022000 08:12 60362834                   /usr/lib/x86_64-linux-gnu/libc-2.31.so
7f4455d00000-7f4455d4e000 r--p 0019a000 08:12 60362834                   /usr/lib/x86_64-linux-gnu/libc-2.31.so
7f4455d4e000-7f4455d52000 r--p 001e7000 08:12 60362834                   /usr/lib/x86_64-linux-gnu/libc-2.31.so
7f4455d52000-7f4455d54000 rw-p 001eb000 08:12 60362834                   /usr/lib/x86_64-linux-gnu/libc-2.31.so
7f4455d54000-7f4455d58000 rw-p 00000000 00:00 0 
7f4455d58000-7f4455d59000 r--p 00000000 08:12 60362838                   /usr/lib/x86_64-linux-gnu/libdl-2.31.so
7f4455d59000-7f4455d5b000 r-xp 00001000 08:12 60362838                   /usr/lib/x86_64-linux-gnu/libdl-2.31.so
7f4455d5b000-7f4455d5c000 r--p 00003000 08:12 60362838                   /usr/lib/x86_64-linux-gnu/libdl-2.31.so
7f4455d5c000-7f4455d5d000 r--p 00003000 08:12 60362838                   /usr/lib/x86_64-linux-gnu/libdl-2.31.so
7f4455d5d000-7f4455d5e000 rw-p 00004000 08:12 60362838                   /usr/lib/x86_64-linux-gnu/libdl-2.31.so
7f4455d5e000-7f4455d61000 r--p 00000000 08:12 93454389                   /usr/lib/jvm/java-11-openjdk-amd64/lib/jli/libjli.so
7f4455d61000-7f4455d6b000 r-xp 00003000 08:12 93454389                   /usr/lib/jvm/java-11-openjdk-amd64/lib/jli/libjli.so
7f4455d6b000-7f4455d6e000 r--p 0000d000 08:12 93454389                   /usr/lib/jvm/java-11-openjdk-amd64/lib/jli/libjli.so
7f4455d6e000-7f4455d6f000 ---p 00010000 08:12 93454389                   /usr/lib/jvm/java-11-openjdk-amd64/lib/jli/libjli.so
7f4455d6f000-7f4455d70000 r--p 00010000 08:12 93454389                   /usr/lib/jvm/java-11-openjdk-amd64/lib/jli/libjli.so
7f4455d70000-7f4455d71000 rw-p 00011000 08:12 93454389                   /usr/lib/jvm/java-11-openjdk-amd64/lib/jli/libjli.so
7f4455d71000-7f4455d77000 r--p 00000000 08:12 60365520                   /usr/lib/x86_64-linux-gnu/libpthread-2.31.so
7f4455d77000-7f4455d88000 r-xp 00006000 08:12 60365520                   /usr/lib/x86_64-linux-gnu/libpthread-2.31.so
7f4455d88000-7f4455d8e000 r--p 00017000 08:12 60365520                   /usr/lib/x86_64-linux-gnu/libpthread-2.31.so
7f4455d8e000-7f4455d8f000 r--p 0001c000 08:12 60365520                   /usr/lib/x86_64-linux-gnu/libpthread-2.31.so
7f4455d8f000-7f4455d90000 rw-p 0001d000 08:12 60365520                   /usr/lib/x86_64-linux-gnu/libpthread-2.31.so
7f4455d90000-7f4455d94000 rw-p 00000000 00:00 0 
7f4455d94000-7f4455d96000 r--p 00000000 08:12 60365875                   /usr/lib/x86_64-linux-gnu/libz.so.1.2.11
7f4455d96000-7f4455da7000 r-xp 00002000 08:12 60365875                   /usr/lib/x86_64-linux-gnu/libz.so.1.2.11
7f4455da7000-7f4455dad000 r--p 00013000 08:12 60365875                   /usr/lib/x86_64-linux-gnu/libz.so.1.2.11
7f4455dad000-7f4455dae000 ---p 00019000 08:12 60365875                   /usr/lib/x86_64-linux-gnu/libz.so.1.2.11
7f4455dae000-7f4455daf000 r--p 00019000 08:12 60365875                   /usr/lib/x86_64-linux-gnu/libz.so.1.2.11
7f4455daf000-7f4455db0000 rw-p 0001a000 08:12 60365875                   /usr/lib/x86_64-linux-gnu/libz.so.1.2.11
7f4455db4000-7f4455db7000 r--p 00000000 08:12 60364213                   /usr/lib/x86_64-linux-gnu/libnss_files-2.31.so
7f4455db7000-7f4455dbe000 r-xp 00003000 08:12 60364213                   /usr/lib/x86_64-linux-gnu/libnss_files-2.31.so
7f4455dbe000-7f4455dc0000 r--p 0000a000 08:12 60364213                   /usr/lib/x86_64-linux-gnu/libnss_files-2.31.so
7f4455dc0000-7f4455dc1000 r--p 0000b000 08:12 60364213                   /usr/lib/x86_64-linux-gnu/libnss_files-2.31.so
7f4455dc1000-7f4455dc2000 rw-p 0000c000 08:12 60364213                   /usr/lib/x86_64-linux-gnu/libnss_files-2.31.so
7f4455dc2000-7f4455dc8000 rw-p 00000000 00:00 0 
7f4455dc8000-7f4455dc9000 ---p 00000000 00:00 0 
7f4455dc9000-7f4455dca000 r--p 00000000 00:00 0 
7f4455dca000-7f4455dcc000 r--p 00000000 08:12 93454407                   /usr/lib/jvm/java-11-openjdk-amd64/lib/libjimage.so
7f4455dcc000-7f4455dcf000 r-xp 00002000 08:12 93454407                   /usr/lib/jvm/java-11-openjdk-amd64/lib/libjimage.so
7f4455dcf000-7f4455dd0000 r--p 00005000 08:12 93454407                   /usr/lib/jvm/java-11-openjdk-amd64/lib/libjimage.so
7f4455dd0000-7f4455dd1000 ---p 00006000 08:12 93454407                   /usr/lib/jvm/java-11-openjdk-amd64/lib/libjimage.so
7f4455dd1000-7f4455dd2000 r--p 00006000 08:12 93454407                   /usr/lib/jvm/java-11-openjdk-amd64/lib/libjimage.so
7f4455dd2000-7f4455dd3000 rw-p 00007000 08:12 93454407                   /usr/lib/jvm/java-11-openjdk-amd64/lib/libjimage.so
7f4455dd3000-7f4455dd8000 r--p 00000000 08:12 93454423                   /usr/lib/jvm/java-11-openjdk-amd64/lib/libverify.so
7f4455dd8000-7f4455ddf000 r-xp 00005000 08:12 93454423                   /usr/lib/jvm/java-11-openjdk-amd64/lib/libverify.so
7f4455ddf000-7f4455de1000 r--p 0000c000 08:12 93454423                   /usr/lib/jvm/java-11-openjdk-amd64/lib/libverify.so
7f4455de1000-7f4455de2000 ---p 0000e000 08:12 93454423                   /usr/lib/jvm/java-11-openjdk-amd64/lib/libverify.so
7f4455de2000-7f4455de4000 r--p 0000e000 08:12 93454423                   /usr/lib/jvm/java-11-openjdk-amd64/lib/libverify.so
7f4455de4000-7f4455de5000 rw-p 00010000 08:12 93454423                   /usr/lib/jvm/java-11-openjdk-amd64/lib/libverify.so
7f4455de5000-7f4455de7000 rw-p 00000000 00:00 0 
7f4455de7000-7f4455de8000 r--p 00000000 08:12 60362758                   /usr/lib/x86_64-linux-gnu/ld-2.31.so
7f4455de8000-7f4455e0b000 r-xp 00001000 08:12 60362758                   /usr/lib/x86_64-linux-gnu/ld-2.31.so
7f4455e0b000-7f4455e13000 r--p 00024000 08:12 60362758                   /usr/lib/x86_64-linux-gnu/ld-2.31.so
7f4455e14000-7f4455e15000 r--p 0002c000 08:12 60362758                   /usr/lib/x86_64-linux-gnu/ld-2.31.so
7f4455e15000-7f4455e16000 rw-p 0002d000 08:12 60362758                   /usr/lib/x86_64-linux-gnu/ld-2.31.so
7f4455e16000-7f4455e17000 rw-p 00000000 00:00 0 
7ffc97557000-7ffc97578000 rw-p 00000000 00:00 0                          [stack]
7ffc975e1000-7ffc975e5000 r--p 00000000 00:00 0                          [vvar]
7ffc975e5000-7ffc975e7000 r-xp 00000000 00:00 0                          [vdso]
ffffffffff600000-ffffffffff601000 --xp 00000000 00:00 0                  [vsyscall]


VM Arguments:
jvm_args: -Dclassworlds.conf=/usr/share/maven/bin/m2.conf -Dmaven.home=/usr/share/maven -Dlibrary.jansi.path=/usr/share/maven/lib/jansi-native -Dmaven.multiModuleProjectDirectory=/home/tangyuxin/iotdbWorkSpace_update/iotdb 
java_command: org.codehaus.plexus.classworlds.launcher.Launcher clean
java_class_path (initial): /usr/share/maven/boot/plexus-classworlds-2.x.jar
Launcher Type: SUN_STANDARD

[Global flags]
     intx CICompilerCount                          = 12                                        {product} {ergonomic}
     uint ConcGCThreads                            = 3                                         {product} {ergonomic}
     uint G1ConcRefinementThreads                  = 13                                        {product} {ergonomic}
   size_t G1HeapRegionSize                         = 4194304                                   {product} {ergonomic}
    uintx GCDrainStackTargetSize                   = 64                                        {product} {ergonomic}
   size_t InitialHeapSize                          = 1052770304                                {product} {ergonomic}
   size_t MarkStackSize                            = 4194304                                   {product} {ergonomic}
   size_t MaxHeapSize                              = 16835936256                               {product} {ergonomic}
   size_t MaxNewSize                               = 10099884032                               {product} {ergonomic}
   size_t MinHeapDeltaBytes                        = 4194304                                   {product} {ergonomic}
    uintx NonNMethodCodeHeapSize                   = 7594288                                {pd product} {ergonomic}
    uintx NonProfiledCodeHeapSize                  = 122031976                              {pd product} {ergonomic}
    uintx ProfiledCodeHeapSize                     = 122031976                              {pd product} {ergonomic}
    uintx ReservedCodeCacheSize                    = 251658240                              {pd product} {ergonomic}
     bool SegmentedCodeCache                       = true                                      {product} {ergonomic}
     bool UseCompressedClassPointers               = true                                 {lp64_product} {ergonomic}
     bool UseCompressedOops                        = true                                 {lp64_product} {ergonomic}
     bool UseG1GC                                  = true                                      {product} {ergonomic}

Logging:
Log output configuration:
 #0: stdout all=warning uptime,level,tags
 #1: stderr all=off uptime,level,tags

Environment Variables:
PATH=/home/tangyuxin/.vscode-server/cli/servers/Stable-863d2581ecda6849923a2118d93a088b0745d9d6/server/bin/remote-cli:/usr/local/cuda-11.1/bin:/usr/local/sbin:/usr/local/bin:/usr/sbin:/usr/bin:/sbin:/bin:/usr/games:/usr/local/games:/snap/bin
LD_LIBRARY_PATH=/usr/local/cuda-11.1/lib64:
SHELL=/bin/bash
LANG=en_US.UTF-8
TERM=xterm-256color

Signal Handlers:
SIGSEGV: [libjvm.so+0xe9cbc0], sa_mask[0]=11111111011111111101111111111110, sa_flags=SA_RESTART|SA_SIGINFO
SIGBUS: [libjvm.so+0xe9cbc0], sa_mask[0]=11111111011111111101111111111110, sa_flags=SA_RESTART|SA_SIGINFO
SIGFPE: [libjvm.so+0xe9cbc0], sa_mask[0]=11111111011111111101111111111110, sa_flags=SA_RESTART|SA_SIGINFO
SIGPIPE: [libjvm.so+0xbe3c50], sa_mask[0]=11111111011111111101111111111110, sa_flags=SA_RESTART|SA_SIGINFO
SIGXFSZ: [libjvm.so+0xbe3c50], sa_mask[0]=11111111011111111101111111111110, sa_flags=SA_RESTART|SA_SIGINFO
SIGILL: [libjvm.so+0xe9cbc0], sa_mask[0]=11111111011111111101111111111110, sa_flags=SA_RESTART|SA_SIGINFO
SIGUSR2: [libjvm.so+0xbe3af0], sa_mask[0]=00000000000000000000000000000000, sa_flags=SA_RESTART|SA_SIGINFO
SIGHUP: [libjvm.so+0xbe42b0], sa_mask[0]=11111111011111111101111111111110, sa_flags=SA_RESTART|SA_SIGINFO
SIGINT: [libjvm.so+0xbe42b0], sa_mask[0]=11111111011111111101111111111110, sa_flags=SA_RESTART|SA_SIGINFO
SIGTERM: [libjvm.so+0xbe42b0], sa_mask[0]=11111111011111111101111111111110, sa_flags=SA_RESTART|SA_SIGINFO
SIGQUIT: [libjvm.so+0xbe42b0], sa_mask[0]=11111111011111111101111111111110, sa_flags=SA_RESTART|SA_SIGINFO


---------------  S Y S T E M  ---------------

OS:DISTRIB_ID=Ubuntu
DISTRIB_RELEASE=20.04
DISTRIB_CODENAME=focal
DISTRIB_DESCRIPTION="Ubuntu 20.04.6 LTS"
uname:Linux 5.15.0-100-generic #110~20.04.1-Ubuntu SMP Tue Feb 13 14:25:03 UTC 2024 x86_64
OS uptime: 12 days 13:21 hours
libc:glibc 2.31 NPTL 2.31 
rlimit (soft/hard): STACK 8192k/infinity , CORE 0k/infinity , NPROC 256521/256521 , NOFILE 1048576/1048576 , AS infinity/infinity , CPU infinity/infinity , DATA infinity/infinity , FSIZE infinity/infinity , MEMLOCK 65536k/65536k
load average:0.16 0.18 0.29

/proc/meminfo:
MemTotal:       65752136 kB
MemFree:         9891980 kB
MemAvailable:   57056156 kB
Buffers:         1966616 kB
Cached:         43893568 kB
SwapCached:        29796 kB
Active:         15766676 kB
Inactive:       35632676 kB
Active(anon):     258012 kB
Inactive(anon):  5279100 kB
Active(file):   15508664 kB
Inactive(file): 30353576 kB
Unevictable:           0 kB
Mlocked:               0 kB
SwapTotal:       2097148 kB
SwapFree:        1095960 kB
Dirty:              1044 kB
Writeback:             0 kB
AnonPages:       5513960 kB
Mapped:           368844 kB
Shmem:              1484 kB
KReclaimable:    2030704 kB
Slab:            2332312 kB
SReclaimable:    2030704 kB
SUnreclaim:       301608 kB
KernelStack:       19464 kB
PageTables:        39632 kB
NFS_Unstable:          0 kB
Bounce:                0 kB
WritebackTmp:          0 kB
CommitLimit:    34051616 kB
Committed_AS:   44498596 kB
VmallocTotal:   34359738367 kB
VmallocUsed:      113056 kB
VmallocChunk:          0 kB
Percpu:            15552 kB
HardwareCorrupted:     0 kB
AnonHugePages:         0 kB
ShmemHugePages:        0 kB
ShmemPmdMapped:        0 kB
FileHugePages:         0 kB
FilePmdMapped:         0 kB
HugePages_Total:     900
HugePages_Free:      892
HugePages_Rsvd:       63
HugePages_Surp:        0
Hugepagesize:       2048 kB
Hugetlb:         1843200 kB
DirectMap4k:      827992 kB
DirectMap2M:    38928384 kB
DirectMap1G:    27262976 kB

/sys/kernel/mm/transparent_hugepage/enabled:
always [madvise] never
/sys/kernel/mm/transparent_hugepage/defrag (defrag/compaction efforts parameter):
always defer defer+madvise [madvise] never

Process Memory:
Virtual Size: 21487208K (peak: 28422716K)
Resident Set Size: 374552K (peak: 374552K) (anon: 345212K, file: 29340K, shmem: 0K)
Swapped out: 0K
C-Heap outstanding allocations: 136565K, retained: 63314K
glibc malloc tunables: (default)

/proc/sys/kernel/threads-max (system-wide limit on the number of threads):
513042
/proc/sys/vm/max_map_count (maximum number of memory map areas a process may have):
65530
/proc/sys/kernel/pid_max (system-wide limit on number of process identifiers):
4194304

container (cgroup) information:
container_type: cgroupv1
cpu_cpuset_cpus: 0-15
cpu_memory_nodes: 0
active_processor_count: 16
cpu_quota: no quota
cpu_period: 100000
cpu_shares: no shares
memory_limit_in_bytes: unlimited
memory_and_swap_limit_in_bytes: unlimited
memory_soft_limit_in_bytes: unlimited
memory_usage_in_bytes: 12672444 k
memory_max_usage_in_bytes: 16588432 k
kernel_memory_usage_in_bytes: 188792 k
kernel_memory_max_usage_in_bytes: unlimited
kernel_memory_limit_in_bytes: 248300 k
maximum number of tasks: unlimited
current number of tasks: 411

Steal ticks since vm start: 0
Steal ticks percentage since vm start:  0.000

CPU:total 16 (initial active 16) (8 cores per cpu, 2 threads per core) family 6 model 158 stepping 13 microcode 0xfa, cmov, cx8, fxsr, mmx, sse, sse2, sse3, ssse3, sse4.1, sse4.2, popcnt, avx, avx2, aes, clmul, erms, rtm, 3dnowpref, lzcnt, ht, tsc, tscinvbit, bmi1, bmi2, adx, fma
CPU Model and flags from /proc/cpuinfo:
model name	: Intel(R) Core(TM) i9-9900K CPU @ 3.60GHz
flags		: fpu vme de pse tsc msr pae mce cx8 apic sep mtrr pge mca cmov pat pse36 clflush dts acpi mmx fxsr sse sse2 ss ht tm pbe syscall nx pdpe1gb rdtscp lm constant_tsc art arch_perfmon pebs bts rep_good nopl xtopology nonstop_tsc cpuid aperfmperf pni pclmulqdq dtes64 monitor ds_cpl vmx smx est tm2 ssse3 sdbg fma cx16 xtpr pdcm pcid sse4_1 sse4_2 x2apic movbe popcnt tsc_deadline_timer aes xsave avx f16c rdrand lahf_lm abm 3dnowprefetch cpuid_fault epb invpcid_single ssbd ibrs ibpb stibp ibrs_enhanced tpr_shadow vnmi flexpriority ept vpid ept_ad fsgsbase tsc_adjust bmi1 avx2 smep bmi2 erms invpcid mpx rdseed adx smap clflushopt intel_pt xsaveopt xsavec xgetbv1 xsaves dtherm ida arat pln pts hwp hwp_notify hwp_act_window hwp_epp md_clear flush_l1d arch_capabilities
Online cpus:
0-15
Offline cpus:

BIOS frequency limitation:
<Not Available>
Frequency switch latency (ns):
0
Available cpu frequencies:
<Not Available>
Current governor:
powersave
Core performance/turbo boost:
<Not Available>

Memory: 4k page, physical 65752136k(9891980k free), swap 2097148k(1095960k free)

vm_info: OpenJDK 64-Bit Server VM (11.0.22+7-post-Ubuntu-0ubuntu220.04.1) for linux-amd64 JRE (11.0.22+7-post-Ubuntu-0ubuntu220.04.1), built on Feb  5 2024 20:49:28 by "unknown" with gcc 10.5.0

END.
